54741;	46.8333
54741;	47.9685
54741;	152.171
54741;	177.969
54751;	178.164
54761;	178.159
54771;	178.166
54781;	178.043
54791;	177.825
78161;	166.231
78171;	166.158
78181;	166.088
78191;	166.318
78201;	166.057
78211;	165.933
78221;	165.817
78231;	166.144
78241;	166.172
78251;	165.819
78261;	165.756
78271;	165.892
78281;	166.197
78291;	166.339
78301;	166.177
78311;	166.407
78321;	166.011
78331;	166.235
78341;	166.108
78351;	166.034
78361;	166.191
78371;	166.206
78381;	165.985
78391;	165.899
78401;	165.717
78411;	166.186
78421;	166.61
78431;	166.142
78441;	166.013
78451;	166.217
78461;	166.15
78471;	166.078
78481;	166.314
78491;	166.278
78501;	165.988
78511;	166.006
78521;	165.952
78531;	165.749
78541;	165.846
78551;	165.934
78561;	165.901
78571;	166.273
78581;	166.234
78591;	166.023
78601;	166.232
78611;	165.872
78621;	166.081
78631;	166.436
78641;	166.324
78651;	166.054
78661;	165.964
78671;	166.379
78681;	166.375
78691;	166.379
78701;	166.557
78711;	166.472
78721;	166.252
78731;	166.518
78741;	166.457
78751;	166.502
78761;	166.918
78771;	166.86
78781;	167.333
78791;	167.502
78801;	167.85
78811;	167.754
78821;	168.5
78831;	168.469
78841;	169.482
78851;	169.489
78861;	169.648
78871;	169.697
78881;	169.685
78891;	169.789
78901;	169.389
78911;	169.545
78921;	170.471
78931;	170.413
78941;	171.062
78951;	170.831
78961;	171.005
78971;	170.361
78981;	170.304
78991;	170.773
79001;	170.377
79011;	170.821
79021;	171.178
79031;	171.298
79041;	171.056
79051;	170.414
79061;	170.602
79071;	171.514
79081;	171.52
79091;	170.852
79101;	170.7
79111;	170.48
79121;	170.245
79131;	170.705
79141;	170.004
79151;	170.104
79161;	170.764
79171;	168.742
79181;	169.885
79191;	170.126
79201;	171.163
79211;	170.522
79221;	170.411
79231;	170.003
79241;	170.248
79251;	170.474
79261;	170.461
79271;	170.432
79281;	170.292
79291;	170.332
79301;	170.411
79311;	170.32
79321;	170.532
79331;	170.573
79341;	170.561
79351;	170.277
79361;	170.42
79371;	170.238
79381;	170.223
79391;	170.205
79401;	170.23
79411;	170.016
79421;	169.936
79431;	170.244
79441;	170.142
79451;	169.685
79461;	169.474
79471;	169.71
79481;	169.671
79491;	169.278
79501;	169.408
79511;	169.651
79521;	169.515
79531;	169.806
79541;	169.802
79551;	169.655
79561;	169.833
79571;	169.84
79581;	169.885
79591;	170.016
79601;	169.789
79611;	169.843
79621;	170.014
79631;	170.183
79641;	169.881
79651;	169.874
79661;	169.81
79671;	169.758
79681;	169.783
79691;	170.08
79701;	170.012
79711;	169.982
79721;	170.089
79731;	170.429
79741;	170.125
79751;	169.936
79761;	169.93
79771;	169.803
79781;	170.001
79791;	169.807
79801;	169.842
79811;	169.888
79821;	169.924
79831;	170.053
79841;	170.157
79851;	170.474
79861;	170.03
79871;	170.212
79881;	169.988
79891;	170.415
79901;	170.426
79911;	170.586
79921;	170.615
79931;	170.218
79941;	170.46
79951;	170.514
79961;	170.268
79971;	170.647
79981;	170.903
79991;	170.546
80001;	170.005
80011;	170.335
80021;	170.521
80031;	170.092
80041;	170.617
80051;	171.031
80061;	171.121
80071;	171.068
80081;	170.966
80091;	170.18
80101;	170.063
80111;	170.093
80121;	170.227
80131;	171.564
80141;	171.737
80151;	171.642
80161;	173.305
80171;	172.466
80181;	171.722
80191;	171.672
80201;	172.224
80211;	172.405
80221;	172.588
80231;	172.625
80241;	172.486
80251;	172.909
80261;	172.206
80271;	173.478
80281;	172.993
80291;	173.109
80301;	173.373
80311;	172.916
80321;	173.374
80331;	173.332
80341;	173.769
80351;	173.649
80361;	173.841
80371;	173.658
80381;	172.507
80391;	171.804
80401;	173.532
80411;	173.905
80421;	174.343
80431;	174.74
80441;	173.808
80451;	173.928
80461;	173.808
80471;	174.073
80481;	174.223
80491;	175.126
80501;	174.202
80511;	175.676
80521;	175.363
80531;	176.106
80541;	175.7
80551;	175.359
80561;	175.445
80571;	175.062
80581;	175.664
80591;	175.626
80601;	175.367
80611;	175.417
80621;	175.858
80631;	175.984
80641;	175.932
80651;	176.262
80661;	176.773
80671;	177.116
80681;	176.604
80691;	177.049
80701;	176.998
80711;	177.236
80721;	177.434
80731;	177.329
80741;	176.738
80751;	176.901
80761;	176.88
80771;	176.998
80781;	177.299
80791;	177.395
80801;	177.628
80811;	177.549
80821;	178.076
80831;	178.238
80841;	177.845
80851;	177.302
80861;	176.51
80871;	176.823
80881;	177.07
80891;	176.965
80901;	176.924
80911;	176.623
80921;	176.404
80931;	176.282
80941;	176.45
80951;	176.319
80961;	175.994
80971;	175.713
80981;	175.779
80991;	175.843
81001;	175.656
81011;	176.263
81021;	176.088
81031;	175.438
81041;	174.569
81051;	174.673
81061;	175.08
81071;	175.398
81081;	175.709
81091;	175.149
81101;	174.847
81111;	174.519
81121;	174.29
81131;	174.23
81141;	174.435
81151;	173.942
81161;	173.271
81171;	173.81
81181;	173.966
81191;	174.209
81201;	174.578
81211;	174.452
81221;	173.794
81231;	173.351
81241;	174.107
81251;	174.416
81261;	174.227
81271;	174.236
81281;	173.536
81291;	172.638
81301;	172.246
81311;	171.891
81321;	171.847
81331;	172.278
81341;	173.611
81351;	174.697
81361;	174.133
81371;	172.974
81381;	171.859
81391;	171.176
81401;	170.031
81411;	170.052
81421;	171.797
81431;	172.668
81441;	173.444
81451;	172.993
81461;	172.21
81471;	171.656
81481;	171.209
81491;	170.592
81501;	170.088
81511;	171.166
81521;	171.754
81531;	173.346
81541;	172.878
81551;	171.756
81561;	170.812
81571;	170.017
81581;	170.323
81591;	170.891
81601;	171.56
81611;	171.597
81621;	171.004
81631;	170.466
81641;	170.006
81651;	169.968
81661;	170.115
81671;	170.963
81681;	170.846
81691;	171.129
81701;	170.525
81711;	169.462
81721;	168.495
81731;	168.701
81741;	170.114
81751;	170.454
81761;	169.903
81771;	169.068
81781;	168.743
81791;	168.853
81801;	169.413
81811;	169.931
81821;	170.126
81831;	169.582
81841;	168.853
81851;	168.957
81861;	168.762
81871;	168.758
81881;	168.914
81891;	168.926
81901;	168.593
81911;	167.828
81921;	167.186
81931;	166.946
81941;	166.982
81951;	166.682
81961;	166.533
81971;	166.99
81981;	167.435
81991;	167.483
82001;	167.438
82011;	167.271
82021;	167.027
82031;	167.266
82041;	167.174
82051;	166.908
82061;	166.638
82071;	165.491
82081;	164.515
82091;	163.81
82101;	164.767
82111;	166.084
82121;	166.458
82131;	166.175
82141;	166.63
82151;	166.312
82161;	167.041
82171;	166.552
82181;	166.077
82191;	165.865
82201;	167.076
82211;	165.004
82221;	164.843
82231;	164.936
82241;	164.301
82251;	164.256
82261;	164.427
82271;	163.104
82281;	163.051
82291;	162.936
82301;	162.631
82311;	161.907
82321;	161.422
82331;	161.142
82341;	161.709
82351;	162.23
82361;	162.932
82371;	163.349
82381;	163.478
82391;	164.379
82401;	164.407
82411;	164.136
82421;	164.167
82431;	163.976
82441;	163.808
82451;	163.211
82461;	162.693
82471;	162.927
82481;	163.178
82491;	163.712
82501;	163.401
82511;	163.344
82521;	163.362
82531;	163.645
82541;	163.959
82551;	164.005
82561;	163.753
82571;	163.439
82581;	163.547
82591;	163.557
82601;	164.127
82611;	163.769
82621;	163.555
82631;	163.591
82641;	163.814
82651;	164.593
82661;	163.906
82671;	166.096
82681;	162.841
82691;	162.093
82701;	162.843
82711;	163.334
82721;	164.057
82731;	164.393
82741;	164.209
82751;	163.575
82761;	163.418
82771;	163.421
82781;	163.94
82791;	163.585
82801;	163.596
82811;	163.466
82821;	163.198
82831;	163.856
82841;	163.77
82851;	164.08
82861;	163.829
82871;	163.611
82881;	163.449
82891;	164.078
82901;	163.709
82911;	163.582
82921;	163.704
82931;	163.891
82941;	164.09
82951;	163.576
82961;	163.163
82971;	163.26
82981;	163.891
82991;	163.929
83001;	164.012
83011;	163.396
83021;	163.285
83031;	163.769
83041;	163.842
83051;	164.272
83061;	166.306
83071;	164.791
83081;	165.588
83091;	166.546
83101;	165.847
83111;	164.983
83121;	163.002
83131;	162.726
83141;	161.667
83151;	160.072
83161;	158.997
83171;	159.77
83181;	158.603
83191;	159.748
83201;	161.407
83211;	161.987
83221;	159.342
83231;	158.751
83241;	158.939
83251;	159.041
83261;	160.031
83271;	160.807
83281;	160.786
83291;	160.92
83301;	161.082
83311;	161.384
83321;	162.229
83331;	160.746
83341;	159.517
83351;	158.591
83361;	159.547
83371;	160.48
83381;	160.669
83391;	160.407
83401;	160.077
83411;	160.221
83421;	160.371
83431;	160.54
83441;	160.788
83451;	160.59
83461;	160.522
83471;	160.703
83481;	160.992
83491;	160.823
83501;	161.015
83511;	160.933
83521;	161.011
83531;	160.765
83541;	160.814
83551;	160.803
83561;	160.584
83571;	160.808
83581;	160.645
83591;	160.909
83601;	161.02
83611;	164.213
83621;	161.78
83631;	160.889
83641;	160.62
83651;	160.083
83661;	159.755
83671;	160.041
83681;	160.625
83691;	160.585
83701;	160.702
83711;	160.783
83721;	160.68
83731;	160.539
83741;	160.808
83751;	160.67
83761;	160.621
83771;	160.534
83781;	160.494
83791;	160.569
83801;	160.935
83811;	160.823
83821;	161.055
83831;	160.769
83841;	160.428
83851;	160.355
83861;	160.428
83871;	160.618
83881;	160.697
83891;	160.73
83901;	160.517
83911;	160.717
83921;	160.698
83931;	160.935
83941;	160.634
83951;	160.283
83961;	160.558
83971;	160.514
83981;	160.833
83991;	160.424
84001;	160.643
84011;	160.445
84021;	160.204
84031;	160.612
84041;	160.214
84051;	160.262
84061;	160.595
84071;	160.328
84081;	160.697
84091;	160.396
84101;	160.389
84111;	160.341
84121;	160.049
84131;	160.172
84141;	160.108
84151;	160.174
84161;	159.853
84171;	160.006
84181;	159.827
84191;	159.45
84201;	159.707
84211;	159.657
84221;	159.92
84231;	159.872
84241;	159.573
84251;	159.422
84261;	159.415
84271;	159.043
84281;	158.679
84291;	158.424
84301;	158.843
84311;	158.704
84321;	158.766
84331;	158.8
84341;	158.71
84351;	158.204
84361;	158.248
84371;	157.909
84381;	157.65
84391;	156.724
84401;	156.149
84411;	156.716
84421;	158.88
84431;	159.613
84441;	158.73
84451;	157.182
84461;	155.847
84471;	155.408
84481;	155.453
84491;	156.054
84501;	156.743
84511;	157.241
84521;	156.844
84531;	156.039
84541;	155.97
84551;	155.44
84561;	155.275
84571;	154.988
84581;	154.493
84591;	154.489
84601;	154.542
84611;	154.386
84621;	153.824
84631;	153.619
84641;	153.353
84651;	153.377
84661;	152.865
84671;	152.365
84681;	152.414
84691;	152.135
84701;	152.102
84711;	152.174
84721;	151.81
84731;	151.377
84741;	150.935
84751;	150.608
84761;	150.758
84771;	150.643
84781;	150.503
84791;	149.96
84801;	150.469
84811;	149.756
84821;	149.822
84831;	149.779
84841;	148.51
84851;	148.234
84861;	148.217
84871;	148.155
84881;	148.101
84891;	147.818
84901;	147.777
84911;	147.186
84921;	146.758
84931;	146.333
84941;	146.14
84951;	145.676
84961;	145.033
84971;	145.312
84981;	145.621
84991;	145.32
85001;	145.345
85011;	145.079
85021;	145.055
85031;	144.568
85041;	144.361
85051;	143.867
85061;	143.918
85071;	143.793
85081;	143.925
85091;	143.783
85101;	143.812
85111;	143.583
85121;	143.812
85131;	143.599
85141;	143.467
85151;	142.996
85161;	142.9
85171;	142.988
85181;	142.604
85191;	142.75
85201;	142.535
85211;	142.776
85221;	143.004
85231;	142.97
85241;	142.849
85251;	142.655
85261;	142.245
85271;	142.341
85281;	142.358
85291;	142.537
85301;	142.372
85311;	142.434
85321;	142.595
85331;	142.69
85341;	142.48
85351;	142.203
85361;	142.138
85371;	142.089
85381;	142.064
85391;	142.12
85401;	142.118
85411;	142.064
85421;	142.59
85431;	142.293
85441;	142.014
85451;	141.732
85461;	141.584
85471;	141.897
85481;	141.834
85491;	141.635
85501;	141.732
85511;	141.608
85521;	141.631
85531;	141.33
85541;	141.585
85551;	141.569
85561;	141.067
85571;	141.33
85581;	141.199
85591;	141.047
85601;	140.91
85611;	140.898
85621;	141.103
85631;	140.696
85641;	141.113
85651;	140.619
85661;	140.209
85671;	140.544
85681;	140.295
85691;	140.693
85701;	140.468
85711;	140.452
85721;	140.651
85731;	140.171
85741;	140.366
85751;	140.425
85761;	140.047
85771;	139.891
85781;	140.167
85791;	140.145
85801;	140.326
85811;	140.337
85821;	140.36
85831;	140.327
85841;	140.274
85851;	139.684
85861;	140.239
85871;	140.008
85881;	139.752
85891;	140.288
85901;	139.988
85911;	140.175
85921;	139.936
85931;	140.109
85941;	140.318
85951;	140.176
85961;	140.37
85971;	140.214
85981;	140.134
85991;	140.099
86001;	140.062
86011;	140.341
86021;	140.183
86031;	140.698
86041;	139.762
86051;	140.109
86061;	140.129
86071;	140.25
86081;	140.252
86091;	139.961
86101;	140.366
86111;	140.1
86121;	140.058
86131;	140.045
86141;	140.067
86151;	139.953
86161;	140.071
86171;	139.782
86181;	140.059
86191;	139.937
86201;	140.054
86211;	139.797
86221;	139.956
86231;	140.046
86241;	140.169
86251;	140.39
86261;	140.113
86271;	140.149
86281;	139.891
86291;	140.153
86301;	140.068
86311;	139.77
86321;	140.222
86331;	140.315
86341;	140.045
86351;	140.33
86361;	140.1
86371;	140.387
86381;	139.891
86391;	140.105
86401;	140.128
86411;	140.459
86421;	140.179
86431;	140.043
86441;	140.246
86451;	139.907
86461;	140.334
86471;	140.34
86481;	139.994
86491;	140.035
86501;	140.075
86511;	140.16
86521;	140.031
86531;	139.744
86541;	140.35
86551;	140.319
86561;	140.724
86571;	140.144
86581;	140.256
86591;	140.267
86601;	139.97
86611;	140.109
86621;	140.428
86631;	140.26
86641;	140.219
86651;	140.118
86661;	140.303
86671;	139.872
86681;	140.261
86691;	140.009
86701;	140.165
86711;	139.893
86721;	140.049
86731;	140.267
86741;	140.179
86751;	140.062
86761;	140.213
86771;	140.345
86781;	140.319
86791;	140.004
86801;	140.012
86811;	140.258
86821;	139.962
86831;	140.08
86841;	140.279
86851;	140.198
86861;	139.84
86871;	139.986
86881;	140.17
86891;	139.949
86901;	140.127
86911;	139.97
86921;	140.533
86931;	140.082
86941;	140.079
86951;	139.933
86961;	140.198
86971;	140.141
86981;	139.965
86991;	139.96
87001;	140.011
87011;	140.209
87021;	140.179
87031;	139.917
87041;	140.082
87051;	140.222
87061;	139.874
87071;	140.286
87081;	140.241
87091;	140.034
87101;	140.184
87111;	140.215
87121;	140.163
87131;	140.094
87141;	139.919
87151;	140.417
87161;	140.265
87171;	140.216
87181;	140.16
87191;	140.516
87201;	140.229
87211;	140.278
87221;	140.094
87231;	140.351
87241;	140.337
87251;	140.272
87261;	140.208
87271;	140.397
87281;	140.463
87291;	140.424
87301;	140.499
87311;	140.215
87321;	140.439
87331;	140.536
87341;	140.259
87351;	140.383
87361;	140.307
87371;	140.33
87381;	140.578
87391;	140.277
87401;	140.332
87411;	140.004
87421;	140.9
87431;	140.313
87441;	140.657
87451;	140.409
87461;	140.396
87471;	140.362
87481;	140.621
87491;	140.517
87501;	140.969
87511;	140.697
87521;	140.611
87531;	140.423
87541;	140.718
87551;	141.068
87561;	140.968
87571;	141.028
87581;	141.157
87591;	141.105
87601;	141.277
87611;	141.426
87621;	141.398
87631;	142.247
87641;	142.174
87651;	142.274
87661;	142.203
87671;	142.379
87681;	142.746
87691;	142.486
87701;	142.638
87711;	142.949
87721;	143.285
87731;	143.322
87741;	144.07
87751;	144.406
87761;	145.098
87771;	145.605
87781;	146.307
87791;	145.974
87801;	146.166
87811;	146.595
87821;	146.614
87831;	146.916
87841;	147.221
87851;	147.358
87861;	148.067
87871;	148.181
87881;	148.399
87891;	148.868
87901;	149.001
87911;	149.716
87921;	149.993
87931;	150.366
87941;	150.616
87951;	150.745
87961;	150.886
87971;	150.745
87981;	151.089
87991;	151.67
88001;	152.076
88011;	152.209
88021;	152.638
88031;	153.089
88041;	153.742
88051;	153.894
88061;	154.357
88071;	154.333
88081;	154.503
88091;	154.969
88101;	155.629
88111;	155.554
88121;	155.923
88131;	156.33
88141;	156.263
88151;	156.908
88161;	156.696
88171;	156.857
88181;	157.158
88191;	157.225
88201;	157.572
88211;	157.533
88221;	157.768
88231;	158.023
88241;	158.162
88251;	158.556
88261;	158.538
88271;	158.569
88281;	158.028
88291;	158.42
88301;	158.791
88311;	158.922
88321;	159.3
88331;	159.443
88341;	159.557
88351;	159.677
88361;	160.054
88371;	159.547
88381;	159.6
88391;	159.962
88401;	160.171
88411;	160.258
88421;	160.005
88431;	160.324
88441;	160.886
88451;	160.823
88461;	160.774
88471;	160.677
88481;	160.711
88491;	161.014
88501;	161.011
88511;	160.856
88521;	160.436
88531;	160.586
88541;	161.251
88551;	161.421
88561;	161.081
88571;	160.418
88581;	160.456
88591;	161.27
88601;	161.2
88611;	161.383
88621;	160.46
88631;	160.731
88641;	161.147
88651;	161.002
88661;	160.432
88671;	160.546
88681;	161.01
88691;	160.901
88701;	160.407
88711;	160.342
88721;	159.796
88731;	159.842
88741;	160.65
88751;	160.514
88761;	159.803
88771;	160.013
88781;	160.121
88791;	160.758
88801;	160.11
88811;	160.264
88821;	159.395
88831;	159.694
88841;	159.979
88851;	159.582
88861;	159.226
88871;	159.423
88881;	159.658
88891;	159.758
88901;	159.849
88911;	159.183
88921;	159.248
88931;	159.553
88941;	159.605
88951;	159.421
88961;	159.239
88971;	158.859
88981;	158.97
88991;	159.706
89001;	159.533
89011;	159.22
89021;	158.854
89031;	159.385
89041;	159.686
89051;	159.176
89061;	159.147
89071;	158.899
89081;	159.285
89091;	159.271
89101;	159.214
89111;	159.076
89121;	158.715
89131;	159.312
89141;	159.645
89151;	159.632
89161;	159.48
89171;	158.987
89181;	159.341
89191;	159.138
89201;	159.153
89211;	158.887
89221;	158.962
89231;	159.168
89241;	159.264
89251;	159.422
89261;	159.2
89271;	158.853
89281;	158.975
89291;	159.208
89301;	159.595
89311;	159.018
89321;	159.237
89331;	159.595
89341;	159.39
89351;	159.153
89361;	158.666
89371;	159.066
89381;	159.33
89391;	159.123
89401;	159.205
89411;	158.761
89421;	158.975
89431;	159.138
89441;	159.401
89451;	159.392
89461;	159.007
89471;	159.046
89481;	159.352
89491;	159.686
89501;	159.179
89511;	159.251
89521;	158.886
89531;	159.253
89541;	159.141
89551;	158.891
89561;	159.288
89571;	158.995
89581;	159.343
89591;	159.494
89601;	159.423
89611;	159.251
89621;	159.068
89631;	159.231
89641;	159.341
89651;	159.362
89661;	158.781
89671;	159.016
89681;	159.329
89691;	159.581
89701;	159.064
89711;	158.769
89721;	158.626
89731;	159.282
89741;	159.6
89751;	159.104
89761;	159.111
89771;	159.046
89781;	159.496
89791;	159.495
89801;	158.788
89811;	158.807
89821;	158.813
89831;	159.585
89841;	159.37
89851;	159.188
89861;	158.833
89871;	158.958
89881;	159.302
89891;	159.235
89901;	159.362
89911;	158.967
89921;	158.927
89931;	159.554
89941;	159.353
89951;	159.138
89961;	158.761
89971;	158.887
89981;	159.131
89991;	159.593
90001;	158.96
90011;	158.649
90021;	159.19
90031;	159.865
90041;	159.451
90051;	159.278
90061;	158.683
90071;	159.239
90081;	159.223
90091;	159.546
90101;	158.986
90111;	158.555
90121;	159.337
90131;	159.179
90141;	159.454
90151;	159.12
90161;	158.611
90171;	159.359
90181;	159.303
90191;	159.405
90201;	159.192
90211;	158.733
90221;	159.07
90231;	159.179
90241;	159.371
90251;	159.066
90261;	159.161
90271;	158.975
90281;	159.365
90291;	159.143
90301;	158.833
90311;	159.063
90321;	158.837
90331;	159.132
90341;	159.363
90351;	158.825
90361;	158.683
90371;	159.054
90381;	159.497
90391;	159.238
90401;	158.979
90411;	158.778
90421;	158.583
90431;	159.02
90441;	158.845
90451;	158.612
90461;	158.669
90471;	158.775
90481;	159.534
90491;	159.165
90501;	158.908
90511;	159.076
90521;	159.338
90531;	159.393
90541;	159.192
90551;	159.206
90561;	159.088
90571;	158.94
90581;	159.203
90591;	159.016
90601;	159.332
90611;	159.066
90621;	159.093
90631;	159.281
90641;	159.471
90651;	159.523
90661;	158.896
90671;	159.092
90681;	159.625
90691;	159.51
90701;	159.223
90711;	158.855
90721;	159.014
90731;	158.979
90741;	158.823
90751;	159.098
90761;	158.9
90771;	159.255
90781;	159.406
90791;	159.136
90801;	159.376
90811;	158.911
90821;	159.29
90831;	159.237
90841;	159.673
90851;	159.312
90861;	158.929
90871;	159.02
90881;	158.788
90891;	159.35
90901;	158.833
90911;	159.071
90921;	158.962
90931;	159.097
90941;	159.309
90951;	159.091
90961;	159.399
90971;	159.217
90981;	159.317
90991;	159.429
91001;	159.008
91011;	159.417
91021;	159.269
91031;	157.875
91041;	159.104
91051;	158.774
91061;	159.745
91071;	159.157
91081;	159.744
91091;	159.254
91101;	159.148
91111;	159.301
91121;	159.279
91131;	159.49
91141;	159.254
91151;	159.643
91161;	159.463
91171;	159.301
91181;	159.93
91191;	159.876
91201;	159.682
91211;	159.268
91221;	159.402
91231;	160.233
91241;	159.577
91251;	160.375
91261;	160.053
91271;	160.375
91281;	160.55
91291;	160.415
91301;	160.414
91311;	159.87
91321;	160.142
91331;	160.545
91341;	160.566
91351;	160.34
91361;	160.466
91371;	160.848
91381;	160.728
91391;	160.689
91401;	160.639
91411;	160.228
91421;	160.387
91431;	160.503
91441;	160.615
91451;	160.375
91461;	160.558
91471;	161.047
91481;	161.253
91491;	161.501
91501;	160.587
91511;	161.076
91521;	160.733
91531;	160.598
91541;	160.761
91551;	160.807
91561;	160.654
91571;	160.863
91581;	160.697
91591;	161.179
91601;	160.981
91611;	161.123
91621;	161.199
91631;	161.011
91641;	160.956
91651;	160.735
91661;	160.834
91671;	160.823
91681;	161.049
91691;	161.321
91701;	161.082
91711;	161.222
91721;	160.93
91731;	161.396
91741;	161.242
91751;	160.84
91761;	161.324
91771;	161.599
91781;	161.547
91791;	161.712
91801;	161.734
91811;	161.891
91821;	161.7
91831;	161.672
91841;	161.491
91851;	161.365
91861;	161.65
91871;	161.998
91881;	162.168
91891;	161.949
91901;	162.177
91911;	162.353
91921;	162.229
91931;	162.098
91941;	162.004
91951;	161.508
91961;	161.636
91971;	161.892
91981;	161.964
91991;	161.968
92001;	162.034
92011;	161.325
92021;	161.85
92031;	162.135
92041;	161.845
92051;	161.952
92061;	161.514
92071;	161.302
92081;	161.501
92091;	161.012
92101;	160.702
92111;	160.994
92121;	161.14
92131;	160.987
92141;	160.913
92151;	160.735
92161;	160.968
92171;	160.799
92181;	160.552
92191;	160.449
92201;	159.972
92211;	160.089
92221;	160.011
92231;	160.339
92241;	160.318
92251;	160.066
92261;	160.213
92271;	159.692
92281;	160.034
92291;	159.929
92301;	159.874
92311;	160.035
92321;	159.622
92331;	159.13
92341;	158.876
92351;	158.632
92361;	159.296
92371;	159.162
92381;	159.351
92391;	159.99
92401;	159.719
92411;	159.99
92421;	160.105
92431;	160.119
92441;	159.865
92451;	159.594
92461;	159.786
92471;	159.487
92481;	159.771
92491;	159.537
92501;	159.645
92511;	159.774
92521;	159.361
92531;	159.699
92541;	159.937
92551;	160.033
92561;	159.871
92571;	159.9
92581;	159.851
92591;	159.636
92601;	159.641
92611;	159.545
92621;	160.508
92631;	159.776
92641;	159.879
92651;	160.294
92661;	160.429
92671;	160.655
92681;	160.257
92691;	159.911
92701;	159.797
92711;	160.267
92721;	160.081
92731;	159.621
92741;	159.72
92751;	160.089
92761;	160.117
92771;	160.767
92781;	160.886
92791;	160.802
92801;	160.991
92811;	160.871
92821;	160.712
92831;	160.266
92841;	160.11
92851;	159.946
92861;	160.4
92871;	160.821
92881;	160.886
92891;	160.99
92901;	160.942
92911;	161.074
92921;	160.977
92931;	160.981
92941;	160.652
92951;	160.395
92961;	160.913
92971;	161.452
92981;	160.998
92991;	161.345
93001;	161.398
93011;	161.629
93021;	161.145
93031;	161.493
93041;	160.842
93051;	160.845
93061;	161.475
93071;	161.6
93081;	161.747
93091;	161.78
93101;	161.217
93111;	161.315
93121;	161.403
93131;	162.323
93141;	162.781
93151;	162.764
93161;	162.494
93171;	164.763
93181;	161.427
93191;	162.884
93201;	165.226
93211;	166.297
93221;	166.812
93231;	166.529
93241;	166.521
93251;	166.794
93261;	165.937
93271;	165.869
93281;	166.15
93291;	165.796
93301;	165.094
93311;	164.746
93321;	163.93
93331;	163.407
93341;	162.972
93351;	164.988
93361;	162.586
93371;	163.88
93381;	164.429
93391;	164.792
93401;	165.111
93411;	164.868
93421;	164.865
93431;	164.945
93441;	163.963
93451;	163.69
93461;	163.748
93471;	163.761
93481;	164.031
93491;	163.383
93501;	162.856
93511;	161.815
93521;	162.421
93531;	161.755
93541;	161.564
93551;	162.895
93561;	163.413
93571;	163.407
93581;	165.151
93591;	164.577
93601;	165.016
93611;	169.528
93621;	167.643
93631;	170.687
93641;	170.89
93651;	170.232
93661;	172.683
93671;	173.477
93681;	174.982
93691;	173.53
93701;	172.195
93711;	173.401
93721;	171.062
93731;	171.937
93741;	171.039
93751;	171.251
93761;	170.838
93771;	170.573
93781;	170.846
93791;	170.964
93801;	170.442
93811;	169.306
93821;	171.696
93831;	171.207
93841;	172.836
93851;	172.068
93861;	173.035
93871;	171.547
93881;	172.223
93891;	171.594
93901;	171.77
93911;	171.491
93921;	171.843
93931;	171.547
93941;	172.139
93951;	172.07
93961;	171.101
93971;	171.462
93981;	172.006
93991;	172.371
94001;	173.279
94011;	173.19
94021;	171.728
94031;	173.051
94041;	172.827
94051;	172.804
94061;	172.672
94071;	172.806
94081;	172.785
94091;	171.951
94101;	172.704
94111;	172.43
94121;	171.653
94131;	172.422
94141;	172.207
94151;	173.086
94161;	173.151
94171;	172.199
94181;	172.666
94191;	172.748
94201;	172.308
94211;	172.536
94221;	172.294
94231;	172.187
94241;	172.347
94251;	172.512
94261;	172.061
94271;	172.594
94281;	172.218
94291;	172.638
94301;	172.225
94311;	172.223
94321;	172.079
94331;	172.281
94341;	172.289
94351;	172.275
94361;	172.392
94371;	172.557
94381;	172.52
94391;	172.9
94401;	172.754
94411;	172.349
94421;	171.647
94431;	172.5
94441;	172.859
94451;	172.249
94461;	172.833
94471;	172.042
94481;	172.235
94491;	172.378
94501;	173.001
94511;	172.813
94521;	172.901
94531;	172.543
94541;	172.613
94551;	172.669
94561;	173.09
94571;	172.748
94581;	172.337
94591;	172.718
94601;	172.77
94611;	172.85
94621;	172.395
94631;	172.094
94641;	172.346
94651;	172.251
94661;	172.353
94671;	172.547
94681;	172.407
94691;	172.216
94701;	172.372
94711;	172.378
94721;	172.803
94731;	172.739
94741;	172.746
94751;	172.715
94761;	172.473
94771;	172.579
94781;	172.888
94791;	172.76
94801;	172.745
94811;	172.591
94821;	172.557
94831;	172.152
94841;	172.335
94851;	172.744
94861;	172.592
94871;	172.232
94881;	172.483
94891;	172.561
94901;	172.773
94911;	172.689
94921;	172.763
94931;	172.674
94941;	172.712
94951;	172.448
94961;	172.736
94971;	172.598
94981;	172.766
94991;	172.466
95001;	172.509
95011;	172.742
95021;	172.764
95031;	172.891
95041;	172.935
95051;	172.88
95061;	173.056
95071;	172.774
95081;	172.652
95091;	172.474
95101;	172.84
95111;	172.788
95121;	172.862
95131;	172.679
95141;	172.555
95151;	172.501
95161;	172.364
95171;	172.665
95181;	172.42
95191;	172.763
95201;	172.432
95211;	172.767
95221;	172.724
95231;	172.645
95241;	172.95
95251;	172.959
95261;	172.732
95271;	172.888
95281;	172.55
95291;	172.902
95301;	172.786
95311;	172.932
95321;	172.768
95331;	172.588
95341;	172.73
95351;	172.485
95361;	172.787
95371;	172.868
95381;	172.716
95391;	172.701
95401;	172.563
95411;	172.743
95421;	172.512
95431;	172.394
95441;	172.707
95451;	172.62
95461;	172.824
95471;	172.453
95481;	172.756
95491;	172.695
95501;	172.611
95511;	172.685
95521;	172.767
95531;	172.938
95541;	172.91
95551;	172.946
95561;	172.965
95571;	172.774
95581;	172.738
95591;	172.996
95601;	173.003
95611;	172.636
95621;	172.803
95631;	172.945
95641;	172.961
95651;	172.79
95661;	172.911
95671;	172.776
95681;	172.788
95691;	172.731
95701;	172.69
95711;	172.896
95721;	173.067
95731;	173.134
95741;	172.882
95751;	172.702
95761;	172.875
95771;	172.58
95781;	172.545
95791;	173.075
95801;	172.861
95811;	172.774
95821;	172.775
95831;	172.828
95841;	172.982
95851;	173.022
95861;	172.708
95871;	172.903
95881;	172.975
95891;	173.141
95901;	172.961
95911;	172.896
95921;	172.832
95931;	172.746
95941;	172.714
95951;	172.703
95961;	172.66
95971;	172.767
95981;	172.71
95991;	172.785
96001;	172.968
96011;	173.089
96021;	172.918
96031;	172.81
96041;	172.767
96051;	172.976
96061;	172.76
96071;	172.742
96081;	172.72
96091;	172.861
96101;	172.734
96111;	172.583
96121;	173.011
96131;	172.968
96141;	173.04
96151;	172.888
96161;	172.824
96171;	172.572
96181;	172.943
96191;	172.7
96201;	172.767
96211;	172.988
96221;	172.742
96231;	172.774
96241;	172.646
96251;	173.033
96261;	172.903
96271;	173.062
96281;	172.99
96291;	173.147
96301;	172.788
96311;	173.06
96321;	173.118
96331;	173.439
96341;	173.246
96351;	173.091
96361;	173.078
96371;	172.743
96381;	172.586
96391;	172.471
96401;	172.377
96411;	171.993
96421;	171.452
96431;	171.4
96441;	171.302
96451;	171.067
96461;	170.509
96471;	170.366
96481;	170.108
96491;	169.618
96501;	169.151
96511;	168.972
96521;	168.639
96531;	168.284
96541;	167.995
96551;	167.86
96561;	167.08
96571;	166.406
96581;	166.201
96591;	165.968
96601;	165.58
96611;	165.151
96621;	164.76
96631;	164.092
96641;	163.776
96651;	163.59
96661;	163.369
96671;	163.176
96681;	163.053
96691;	162.648
96701;	162.182
96711;	162.174
96721;	161.736
96731;	161.427
96741;	161.234
96751;	161.057
96761;	160.531
96771;	160.292
96781;	159.764
96791;	159.624
96801;	159.437
96811;	159.02
96821;	158.782
96831;	158.742
96841;	158.648
96851;	158.321
96861;	157.928
96871;	157.497
96881;	156.868
96891;	156.456
96901;	155.612
96911;	155.071
96921;	154.322
96931;	154.238
96941;	153.796
96951;	153.508
96961;	152.703
96971;	152.489
96981;	151.853
96991;	151.115
97001;	150.805
97011;	149.79
97021;	149.551
97031;	148.909
97041;	148.249
97051;	147.808
97061;	147.56
97071;	147.083
97081;	146.913
97091;	146.24
97101;	146.045
97111;	145.004
97121;	144.826
97131;	144.301
97141;	143.92
97151;	143.783
97161;	143.513
97171;	143.225
97181;	142.718
97191;	142.271
97201;	142.229
97211;	141.843
97221;	141.709
97231;	141.281
97241;	141.075
97251;	141.111
97261;	141.053
97271;	141.017
97281;	140.596
97291;	140.889
97301;	140.132
97311;	139.901
97321;	140.517
97331;	140.04
97341;	140.006
97351;	139.954
97361;	139.714
97371;	139.827
97381;	139.883
97391;	139.62
97401;	139.719
97411;	139.851
97421;	139.42
97431;	139.702
97441;	139.417
97451;	139.453
97461;	139.958
97471;	139.706
97481;	139.679
97491;	139.395
97501;	139.838
97511;	139.507
97521;	139.642
97531;	139.733
97541;	139.641
97551;	139.599
97561;	139.756
97571;	139.449
97581;	139.756
97591;	139.577
97601;	139.989
97611;	139.501
97621;	139.767
97631;	139.88
97641;	139.655
97651;	139.913
97661;	139.362
97671;	139.41
97681;	139.566
97691;	139.412
97701;	139.705
97711;	139.807
97721;	139.518
97731;	139.304
97741;	139.495
97751;	139.553
97761;	139.786
97771;	139.468
97781;	139.478
97791;	139.561
97801;	139.36
97811;	139.672
97821;	139.46
97831;	139.603
97841;	139.629
97851;	139.616
97861;	139.551
97871;	139.718
97881;	139.499
97891;	139.733
97901;	139.6
97911;	139.526
97921;	139.437
97931;	139.438
97941;	139.434
97951;	139.306
97961;	139.568
97971;	139.609
97981;	139.484
97991;	139.724
98001;	139.811
98011;	139.675
98021;	139.679
98031;	139.449
98041;	139.45
98051;	139.555
98061;	139.348
98071;	139.841
98081;	139.535
98091;	139.822
98101;	139.717
98111;	139.704
98121;	139.622
98131;	139.403
98141;	139.733
98151;	139.538
98161;	139.456
98171;	139.649
98181;	139.764
98191;	139.613
98201;	139.989
98211;	139.255
98221;	139.557
98231;	139.473
98241;	139.383
98251;	139.686
98261;	139.69
98271;	139.417
98281;	139.767
98291;	139.671
98301;	139.663
98311;	139.472
98321;	139.414
98331;	139.462
98341;	139.476
98351;	139.618
98361;	139.653
98371;	139.719
98381;	139.603
98391;	139.332
98401;	139.672
98411;	139.507
98421;	139.677
98431;	139.288
98441;	139.952
98451;	139.611
98461;	139.608
98471;	139.616
98481;	139.381
98491;	139.666
98501;	139.571
98511;	139.472
98521;	139.525
98531;	139.135
98541;	139.269
98551;	139.609
98561;	139.53
98571;	139.711
98581;	139.522
98591;	139.701
98601;	139.803
98611;	139.78
98621;	139.655
98631;	139.579
98641;	139.815
98651;	139.657
98661;	139.607
98671;	140.042
98681;	139.771
98691;	139.561
98701;	139.349
98711;	139.483
98721;	139.627
98731;	139.515
98741;	139.347
98751;	139.787
98761;	139.825
98771;	139.557
98781;	139.462
98791;	139.577
98801;	139.613
98811;	139.501
98821;	139.493
98831;	139.515
98841;	139.702
98851;	139.372
98861;	139.256
98871;	139.542
98881;	139.575
98891;	139.336
98901;	139.668
98911;	139.453
98921;	139.583
98931;	139.467
98941;	139.363
98951;	139.77
98961;	139.672
98971;	139.377
98981;	139.302
98991;	139.585
99001;	139.383
99011;	139.845
99021;	139.445
99031;	139.703
99041;	139.777
99051;	140.078
99061;	139.589
99071;	139.743
99081;	139.618
99091;	139.538
99101;	139.43
99111;	139.762
99121;	139.505
99131;	139.564
99141;	139.84
99151;	140.175
99161;	139.837
99171;	139.91
99181;	139.806
99191;	140.094
99201;	140.153
99211;	140.179
99221;	140.242
99231;	140.023
99241;	140.376
99251;	140.116
99261;	140.259
99271;	140.251
99281;	140.334
99291;	140.192
99301;	140.828
99311;	140.722
99321;	141.059
99331;	141.08
99341;	141.102
99351;	141.195
99361;	141.649
99371;	141.677
99381;	141.54
99391;	141.952
99401;	142.547
99411;	142.229
99421;	143.545
99431;	144.047
99441;	144.114
99451;	144.206
99461;	144.612
99471;	145.08
99481;	145.941
99491;	146.589
99501;	147.247
99511;	147.378
99521;	148.076
99531;	148.47
99541;	149.177
99551;	149.656
99561;	150.426
99571;	150.69
99581;	151.096
99591;	151.346
99601;	151.609
99611;	151.472
99621;	151.923
99631;	152.001
99641;	151.938
99651;	151.951
99661;	151.977
99671;	152.693
99681;	152.976
99691;	153.171
99701;	153.698
99711;	154.413
99721;	155.091
99731;	155.782
99741;	156.153
99751;	156.686
99761;	156.942
99771;	157.367
99781;	157.767
99791;	158.156
99801;	159.192
99811;	160.244
99821;	161.016
99831;	161.324
99841;	161.854
99851;	162.605
99861;	163.34
99871;	163.96
99881;	164.867
99891;	165.964
99901;	166.429
99911;	167.048
99921;	167.528
99931;	167.897
99941;	168.303
99951;	168.751
99961;	169.955
99971;	170.612
99981;	171.474
99991;	172.174
100001;	172.676
100011;	173.393
100021;	174.721
100031;	175.563
100041;	176.221
100051;	177.418
100061;	178.988
100071;	178.813
100081;	178.678
100091;	177.531
100101;	176.735
100111;	175.873
100121;	175.342
100131;	174.975
100141;	174.418
100151;	173.834
100161;	173.682
100171;	173.653
100181;	173.271
100191;	172.412
100201;	171.868
100211;	170.95
100221;	170.385
100231;	170.085
100241;	170.435
100251;	170.31
100261;	170.025
100271;	169.891
100281;	169.447
100291;	169.072
100301;	168.88
100311;	168.652
100321;	168.9
100331;	169.272
100341;	169.043
100351;	168.925
100361;	168.817
100371;	168.522
100381;	168.653
100391;	168.366
100401;	167.77
100411;	167.587
100421;	166.662
100431;	166.513
100441;	166.497
100451;	166.237
100461;	166.285
100471;	165.648
100481;	165.371
100491;	164.879
100501;	164.665
100511;	164.63
100521;	164.057
100531;	163.769
100541;	163.569
100551;	163.227
100561;	163.209
100571;	162.851
100581;	162.245
100591;	162.007
100601;	161.942
100611;	161.762
100621;	161.865
100631;	161.902
100641;	162.05
100651;	162.126
100661;	161.578
100671;	161.333
100681;	161.228
100691;	161.295
100701;	161.476
100711;	161.333
100721;	161.248
100731;	160.692
100741;	160.55
100751;	160.672
100761;	160.554
100771;	160.585
100781;	160.686
100791;	160.973
100801;	160.559
100811;	160.724
100821;	160.471
100831;	160.599
100841;	160.162
100851;	160.632
100861;	160.44
100871;	160.667
100881;	160.526
100891;	160.323
100901;	160.443
100911;	160.628
100921;	160.946
100931;	160.488
100941;	160.37
100951;	160.065
100961;	160.105
100971;	160.135
100981;	160.071
100991;	159.799
101001;	159.998
101011;	160.285
101021;	160.492
101031;	160.192
101041;	160.235
101051;	160.043
101061;	160.207
101071;	160.451
101081;	160.14
101091;	160.037
101101;	159.957
101111;	160.268
101121;	160.126
101131;	160.326
101141;	160.088
101151;	160.005
101161;	160.23
101171;	160.092
101181;	160.173
101191;	160.063
101201;	160.094
101211;	160.478
101221;	160.453
101231;	160.026
101241;	160.191
101251;	160.251
101261;	160.062
101271;	160.237
101281;	160.01
101291;	160.071
101301;	160.051
101311;	160.434
101321;	159.964
101331;	160.464
101341;	160.288
101351;	159.977
101361;	160.402
101371;	160.155
101381;	159.99
101391;	160.197
101401;	160.368
101411;	160.369
101421;	160.151
101431;	160.057
101441;	159.813
101451;	159.772
101461;	160.361
101471;	160.534
101481;	160.084
101491;	160.333
101501;	160.212
101511;	160.083
101521;	160.189
101531;	160.159
101541;	159.935
101551;	160.207
101561;	160.175
101571;	160.103
101581;	160.029
101591;	160.2
101601;	160.17
101611;	159.977
101621;	159.977
101631;	160.248
101641;	160.395
101651;	160.34
101661;	160.198
101671;	159.987
101681;	160.062
101691;	160.242
101701;	159.568
101711;	160.085
101721;	159.998
101731;	160.301
101741;	160.682
101751;	160.48
101761;	160.464
101771;	160.557
101781;	159.194
101791;	159.937
101801;	160.015
101811;	158.264
101821;	161.624
101831;	160.781
101841;	161.069
101851;	158.864
101861;	159.057
101871;	158.028
101881;	159.269
101891;	160.068
101901;	162.012
101911;	162.271
101921;	161.689
101931;	160.609
101941;	158.806
101951;	158.498
101961;	159.008
101971;	160.119
101981;	160.783
101991;	160.902
102001;	160.705
102011;	160.443
102021;	160.017
102031;	160.022
102041;	159.506
102051;	159.486
102061;	159.9
102071;	161.042
102081;	161.781
102091;	161.366
102101;	160.314
102111;	159.578
102121;	159.011
102131;	159.146
102141;	159.912
102151;	160.48
102161;	160.925
102171;	160.815
102181;	160.399
102191;	160.323
102201;	160.254
102211;	160.241
102221;	159.569
102231;	159.711
102241;	159.926
102251;	160.318
102261;	160.833
102271;	160.812
102281;	160.535
102291;	160.245
102301;	159.928
102311;	160.147
102321;	160.11
102331;	160.084
102341;	160.147
102351;	160.134
102361;	159.555
102371;	159.502
102381;	159.812
102391;	160.486
102401;	160.485
102411;	160.298
102421;	160.626
102431;	160.547
102441;	160.653
102451;	160.625
102461;	160.494
102471;	160.08
102481;	160.241
102491;	159.989
102501;	160.255
102511;	160.686
102521;	160.643
102531;	160.198
102541;	159.86
102551;	160.122
102561;	159.695
102571;	159.881
102581;	160.023
102591;	160.386
102601;	160.254
102611;	160.694
102621;	160.559
102631;	160.398
102641;	160.19
102651;	160.332
102661;	160.736
102671;	160.803
102681;	160.606
102691;	160.004
102701;	159.843
102711;	159.49
102721;	159.364
102731;	159.582
102741;	159.915
102751;	160.519
102761;	160.874
102771;	161.391
102781;	160.975
102791;	160.689
102801;	159.966
102811;	159.698
102821;	159.545
102831;	160.176
102841;	160.426
102851;	160.463
102861;	160.625
102871;	160.836
102881;	160.455
102891;	159.823
102901;	159.9
102911;	160.067
102921;	160.259
102931;	160.427
102941;	160.869
102951;	160.923
102961;	160.402
102971;	159.562
102981;	159.822
102991;	159.778
103001;	160.136
103011;	160.152
103021;	160.509
103031;	160.902
103041;	160.773
103051;	160.454
103061;	160.368
103071;	159.543
103081;	159.277
103091;	159.637
103101;	160.032
103111;	160.3
103121;	160.457
103131;	160.212
103141;	160.403
103151;	160.363
103161;	159.973
103171;	159.328
103181;	159.544
103191;	158.934
103201;	159.405
103211;	159.838
103221;	160.646
103231;	160.708
103241;	160.147
103251;	160.492
103261;	159.898
103271;	159.805
103281;	160.591
103291;	160.707
103301;	161.17
103311;	161.955
103321;	161.984
103331;	162.277
103341;	162.549
103351;	162.707
103361;	162.706
103371;	163.11
103381;	163.786
103391;	164.394
103401;	164.933
103411;	165.353
103421;	165.743
103431;	166.306
103441;	166.193
103451;	166.973
103461;	167.047
103471;	167.517
103481;	167.74
103491;	168.083
103501;	168.385
103511;	168.941
103521;	169.448
103531;	169.913
103541;	170.919
103551;	171.761
103561;	172.289
103571;	172.744
103581;	173.141
103591;	173.508
103601;	174.241
103611;	174.336
103621;	174.178
103631;	174.671
103641;	175.832
103651;	176.176
103661;	176.445
103671;	176.591
103681;	176.913
103691;	177.642
103701;	177.996
103711;	178.523
103721;	178.709
103731;	178.886
103741;	179.703
103751;	179.421
103761;	179.082
103771;	179.318
103781;	179.052
103791;	179.162
103801;	178.252
103811;	177.728
103821;	176.944
103831;	176.907
103841;	177.128
103851;	176.876
103861;	176.801
103871;	176.418
103881;	176.064
103891;	176.372
103901;	176.196
103911;	176.135
103921;	175.718
103931;	175.744
103941;	175.443
103951;	175.376
103961;	175.05
103971;	174.982
103981;	174.707
103991;	174.634
104001;	174.522
104011;	174.429
104021;	174.152
104031;	174.352
104041;	174.592
104051;	174.783
104061;	174.441
104071;	173.951
104081;	173.936
104091;	173.422
104101;	173.527
104111;	173.646
104121;	173.689
104131;	173.692
104141;	173.653
104151;	173.633
104161;	173.422
104171;	173.291
104181;	173.499
104191;	174.032
104201;	174.07
104211;	173.875
104221;	174.212
104231;	174.448
104241;	174.23
104251;	174.374
104261;	174.029
104271;	173.719
104281;	173.948
104291;	173.555
104301;	174.159
104311;	174.227
104321;	174.082
104331;	173.385
104341;	174.358
104351;	173.685
104361;	173.827
104371;	173.913
104381;	174.288
104391;	174.254
104401;	173.793
104411;	173.774
104421;	174.04
104431;	174.203
104441;	174.017
104451;	174.193
104461;	174.186
104471;	173.984
104481;	173.982
104491;	174.137
104501;	174.367
104511;	174.109
104521;	174.122
104531;	173.891
104541;	174.166
104551;	174.34
104561;	174.088
104571;	174.249
104581;	173.994
104591;	174.116
104601;	174.086
104611;	174.109
104621;	174.295
104631;	174.367
104641;	174.415
104651;	174.342
104661;	174.259
104671;	174.022
104681;	174.167
104691;	173.955
104701;	174.113
104711;	174.536
104721;	174.235
104731;	174.408
104741;	173.997
104751;	173.845
104761;	174.154
104771;	174.316
104781;	174.249
104791;	173.909
104801;	174.045
104811;	173.962
104821;	173.992
104831;	174.157
104841;	174.397
104851;	174.268
104861;	174.145
104871;	174.008
104881;	173.876
104891;	174.093
104901;	173.931
104911;	173.958
104921;	173.913
104931;	173.999
104941;	174.214
104951;	174.329
104961;	174.473
104971;	174.194
104981;	174.046
104991;	174.239
105001;	174.005
105011;	173.898
105021;	173.988
105031;	174.076
105041;	173.953
105051;	174.141
105061;	173.525
105071;	174.448
105081;	174.366
105091;	174.604
105101;	174.511
105111;	174.203
105121;	174.019
105131;	173.911
105141;	173.763
105151;	173.372
105161;	174.632
105171;	174.547
105181;	174.416
105191;	174.643
105201;	174.263
105211;	174.202
105221;	173.972
105231;	174.099
105241;	174.226
105251;	174.841
105261;	175.097
105271;	175.578
105281;	175.97
105291;	175.928
105301;	175.937
105311;	176.05
105321;	176.261
105331;	176.114
105341;	175.864
105351;	176.066
105361;	175.473
105371;	175.099
105381;	174.928
105391;	175.17
105401;	175.428
105411;	175.768
105421;	176.29
105431;	177.486
105441;	177.097
105451;	176.202
105461;	174.839
105471;	174.868
105481;	173.902
105491;	175.624
105501;	177.751
105511;	178.163
105521;	177.342
105531;	172.796
105541;	169.443
105551;	176.536
105561;	176.976
105571;	177.519
105581;	177.267
105591;	175.999
105601;	174.841
105611;	174.806
105621;	175.179
105631;	176.044
105641;	176.537
105651;	175.899
105661;	176.648
105671;	176.907
105681;	177.369
105691;	176
105701;	176.202
105711;	176.355
105721;	176.447
105731;	176.234
105741;	176.426
105751;	176.067
105761;	176.249
105771;	176.073
105781;	176.271
105791;	176.324
105801;	176.237
105811;	176.119
105821;	176.505
105831;	176.406
105841;	176.27
105851;	176.286
105861;	176.15
105871;	175.934
105881;	176.037
105891;	176.267
105901;	176.456
105911;	176.181
105921;	176.388
105931;	176.502
105941;	176.931
105951;	176.615
105961;	176.05
105971;	176.097
105981;	176.257
105991;	176.354
106001;	176.515
106011;	176.332
106021;	176.739
106031;	176.37
106041;	176.105
106051;	176.128
106061;	176.038
106071;	176.258
106081;	176.536
106091;	176.218
106101;	176.347
106111;	176.563
106121;	176.104
106131;	176.484
106141;	176.145
106151;	176.359
106161;	176.56
106171;	176.086
106181;	175.989
106191;	176.288
106201;	176.634
106211;	176.309
106221;	175.929
106231;	176.141
106241;	176.261
106251;	176.326
106261;	176.476
106271;	176.024
106281;	176.226
106291;	176.479
106301;	176.301
106311;	176.037
106321;	176.351
106331;	176.442
106341;	176.428
106351;	175.947
106361;	175.916
106371;	175.775
106381;	176.518
106391;	176.602
106401;	176.363
106411;	175.832
106421;	176.502
106431;	176.679
106441;	176.562
106451;	175.684
106461;	176
106471;	176.199
106481;	176.534
106491;	176.684
106501;	176.293
106511;	175.98
106521;	176.459
106531;	176.169
106541;	176.526
106551;	176.18
106561;	176.325
106571;	175.904
106581;	176.123
106591;	175.743
106601;	176.235
106611;	176.545
106621;	176.435
106631;	176.101
106641;	176.285
106651;	176.551
106661;	176.6
106671;	176.565
106681;	176.105
106691;	176.012
106701;	176.362
106711;	176.451
106721;	176.192
106731;	176.129
106741;	176.589
106751;	176.569
106761;	176.377
106771;	176.199
106781;	176.307
106791;	176.335
106801;	176.017
106811;	176.206
106821;	176.325
106831;	175.972
106841;	176.373
106851;	176.261
106861;	176.381
106871;	176.288
106881;	176.29
106891;	176.189
106901;	176.186
106911;	176.247
106921;	176.274
106931;	176.123
106941;	176.414
106951;	176.222
106961;	176.236
106971;	176.351
106981;	176.314
106991;	176.197
107001;	175.929
107011;	176.063
107021;	176.348
107031;	176.627
107041;	176.516
107051;	176.241
107061;	176.284
107071;	176.396
107081;	176.205
107091;	175.994
107101;	176.099
107111;	176.173
107121;	176.473
107131;	176.296
107141;	175.887
107151;	176.33
107161;	176.537
107171;	176.141
107181;	176.151
107191;	176.1
107201;	176.228
107211;	176.002
107221;	176.121
107231;	176.296
107241;	176.275
107251;	176.056
107261;	176.273
107271;	176.125
107281;	176.273
107291;	176.493
107301;	176.168
107311;	176.129
107321;	176.443
107331;	176.458
107341;	176.173
107351;	176.702
107361;	176.154
107371;	176.066
107381;	176.366
107391;	176.307
107401;	176.097
107411;	176.076
107421;	176.413
107431;	176.326
107441;	176.355
107451;	176.256
107461;	176.141
107471;	176.463
107481;	176.344
107491;	176.317
107501;	176.143
107511;	176.184
107521;	176.101
107531;	176.206
107541;	176.462
107551;	176.229
107561;	176.128
107571;	176.455
107581;	176.366
107591;	176.242
107601;	176.374
107611;	176.136
107621;	175.914
107631;	176.217
107641;	176.365
107651;	176.524
107661;	176.225
107671;	176.083
107681;	176.269
107691;	176.012
107701;	176.108
107711;	176.422
107721;	176.384
107731;	176.162
107741;	176.116
107751;	176.237
107761;	176.609
107771;	176.105
107781;	176.325
107791;	176.241
107801;	176.456
107811;	176.275
107821;	176.243
107831;	176.389
107841;	176.419
107851;	176.072
107861;	176.067
107871;	176.218
107881;	176.21
107891;	176.262
107901;	176.41
107911;	176
107921;	176.03
107931;	176.481
107941;	176.147
107951;	176.257
107961;	176.306
107971;	176.558
107981;	176.467
107991;	176.123
108001;	176.229
108011;	176.254
108021;	176.218
108031;	176.385
108041;	176.162
108051;	176.244
108061;	176.527
108071;	176.379
108081;	176.485
108091;	175.964
108101;	175.872
108111;	176.479
108121;	176.177
108131;	176.242
108141;	176.4
108151;	176.233
108161;	176.092
108171;	176.444
108181;	176.429
108191;	176.152
108201;	176.05
108211;	176.244
108221;	176.407
108231;	176.252
108241;	176.182
108251;	176.198
108261;	176.519
108271;	176.141
108281;	176.396
108291;	176.251
108301;	176.351
108311;	176.37
108321;	176.407
108331;	176.116
108341;	176.265
108351;	176.082
108361;	176.181
108371;	176.082
108381;	176.261
108391;	176.235
108401;	176.275
108411;	176.282
108421;	176.277
108431;	176.498
108441;	176.298
108451;	176.169
108461;	176.166
108471;	176.083
108481;	175.991
108491;	176.186
108501;	176.459
108511;	176.336
108521;	176.075
108531;	176.527
108541;	176.241
108551;	176.241
108561;	176.562
108571;	176.359
108581;	176.161
108591;	176.307
108601;	176.291
108611;	176.432
108621;	176.452
108631;	176.177
108641;	176.241
108651;	176.379
108661;	176.21
108671;	176.177
108681;	176.108
108691;	176.05
108701;	176.578
108711;	176.445
108721;	176.154
108731;	176.18
108741;	176.359
108751;	176.214
108761;	176.328
108771;	176.218
108781;	176.295
108791;	176.162
108801;	176.366
108811;	176.262
108821;	176.349
108831;	176.275
108841;	176.154
108851;	176.447
108861;	176.498
108871;	176.228
108881;	176.153
108891;	176.377
108901;	176.417
108911;	176.201
108921;	176.399
108931;	175.888
108941;	176.586
108951;	176.525
108961;	176.399
108971;	176.25
108981;	176.311
108991;	176.241
109001;	176.392
109011;	176.407
109021;	176.285
109031;	176.012
109041;	176.337
109051;	176.29
109061;	176.572
109071;	176.112
109081;	176.251
109091;	176.355
109101;	176.499
109111;	176.474
109121;	176.104
109131;	176.225
109141;	176.068
109151;	176.292
109161;	176.282
109171;	176.39
109181;	176.472
109191;	176.049
109201;	176.586
109211;	176.418
109221;	176.24
109231;	176.271
109241;	176.392
109251;	176.492
109261;	176.237
109271;	176.306
109281;	176.322
109291;	176.18
109301;	176.432
109311;	176.476
109321;	176.442
109331;	176.07
109341;	176.478
109351;	176.368
109361;	176.537
109371;	176.255
109381;	176.26
109391;	176.107
109401;	176.344
109411;	176.252
109421;	176.199
109431;	175.821
109441;	176.078
109451;	176.499
109461;	176.225
109471;	176.169
109481;	176.213
109491;	176.269
54801;	178.237
54811;	178.345
54821;	178.116
54831;	178.183
54841;	178.07
54851;	177.997
54861;	177.763
54871;	178.357
54881;	178.254
54891;	177.948
54901;	178.101
54911;	178.142
54921;	178.137
54931;	178.357
54941;	178.2
54951;	177.971
54961;	178.573
54971;	178.154
54981;	177.781
54991;	177.827
55001;	178.071
55011;	178.258
55021;	178.113
55031;	178.054
55041;	178.065
55051;	178.038
55061;	178.042
55071;	178.222
55081;	177.941
55091;	177.894
55101;	178.312
55111;	178.058
55121;	178.004
55131;	178.2
55141;	177.865
55151;	177.985
55161;	178.149
55171;	178.393
55181;	178.225
55191;	177.8
55201;	178.183
55211;	178.122
55221;	178.041
55231;	177.781
55241;	178.277
55251;	178.178
55261;	178.144
55271;	178.366
55281;	178.153
55291;	178.077
55301;	177.863
55311;	178.189
55321;	177.865
55331;	177.899
55341;	177.765
55351;	178.077
55361;	178.128
55371;	178.234
55381;	177.893
55391;	177.943
55401;	178.259
55411;	178.347
55421;	178.196
55431;	178.069
55441;	177.893
55451;	178.074
55461;	178.081
55471;	178.066
55481;	177.884
55491;	177.764
55501;	178.273
55511;	178.451
55521;	178.194
55531;	178.097
55541;	177.704
55551;	178.03
55561;	178.325
55571;	178.108
55581;	178.237
55591;	178.193
55601;	178.096
55611;	178.165
55621;	178.236
55631;	178.088
55641;	178.079
55651;	177.925
55661;	178.144
55671;	178.24
55681;	177.986
55691;	178.026
55701;	178.164
55711;	178.325
55721;	178.059
55731;	177.717
55741;	177.809
55751;	178.274
55761;	178.36
55771;	178.251
55781;	178.096
55791;	177.977
55801;	178.211
55811;	178.287
55821;	178.181
55831;	177.9
55841;	178.021
55851;	178.231
55861;	178.307
55871;	178.135
55881;	178.025
55891;	178.109
55901;	178.058
55911;	178.16
55921;	178.131
55931;	178.093
55941;	178.038
55951;	178.339
55961;	178.066
55971;	178.354
55981;	178.065
55991;	177.897
56001;	178.187
56011;	178.038
56021;	177.882
56031;	177.9
56041;	178.154
56051;	177.969
56061;	177.929
56071;	178.086
56081;	177.948
56091;	178.046
56101;	178.052
56111;	177.935
56121;	177.813
56131;	178.045
56141;	178.157
56151;	178.279
56161;	178.136
56171;	178.042
56181;	178.017
56191;	178.146
56201;	178.344
56211;	178.172
56221;	178.015
56231;	177.75
56241;	177.79
56251;	178.231
56261;	178.17
56271;	178.135
56281;	178.119
56291;	177.852
56301;	178.166
56311;	178.197
56321;	177.77
56331;	178.001
56341;	178.136
56351;	178.437
56361;	178.157
56371;	177.963
56381;	177.951
56391;	178.256
56401;	177.855
56411;	177.99
56421;	178.087
56431;	177.999
56441;	178.024
56451;	178.212
56461;	178.027
56471;	178.278
56481;	178.146
56491;	177.938
56501;	178.2
56511;	178.192
56521;	178.017
56531;	177.93
56541;	177.795
56551;	178.162
56561;	178.062
56571;	178.139
56581;	178.053
56591;	178.418
56601;	178.163
56611;	177.927
56621;	177.916
56631;	177.862
56641;	178.036
56651;	178.187
56661;	178.317
56671;	178.092
56681;	177.94
56691;	178.15
56701;	178.155
56711;	178.132
56721;	178.045
56731;	177.922
56741;	178.035
56751;	177.992
56761;	178.176
56771;	178.068
56781;	177.903
56791;	177.863
56801;	177.627
56811;	177.852
56821;	177.85
56831;	177.735
56841;	178.013
56851;	178.193
56861;	178.28
56871;	178.14
56881;	177.777
56891;	178.049
56901;	178.025
56911;	178.2
56921;	177.552
56931;	177.861
56941;	178.024
56951;	178.219
56961;	178.16
56971;	178.07
56981;	178.394
56991;	178.101
57001;	178.075
57011;	178.027
57021;	178.153
57031;	178.138
57041;	177.942
57051;	177.907
57061;	178.204
57071;	178.23
57081;	178.003
57091;	177.851
57101;	178.091
57111;	178.043
57121;	177.71
57131;	177.896
57141;	178.189
57151;	178.171
57161;	177.895
57171;	177.796
57181;	178.017
57191;	178.269
57201;	177.827
57211;	178.046
57221;	178.163
57231;	177.907
57241;	177.864
57251;	178.01
57261;	178.032
57271;	177.718
57281;	178.157
57291;	178.036
57301;	177.908
57311;	178.025
57321;	177.963
57331;	177.728
57341;	178.207
57351;	178.126
57361;	178.07
57371;	177.973
57381;	177.761
57391;	178.141
57401;	178.24
57411;	178.154
57421;	177.743
57431;	178.328
57441;	178.265
57451;	178.307
57461;	178.114
57471;	177.918
57481;	177.884
57491;	178.096
57501;	177.91
57511;	178.092
57521;	178.071
57531;	178.12
57541;	178.162
57551;	178.068
57561;	178.186
57571;	178.009
57581;	178.157
57591;	177.924
57601;	177.948
57611;	178.042
57621;	177.877
57631;	177.912
57641;	178.108
57651;	177.899
57661;	178.034
57671;	178.034
57681;	178.18
57691;	177.986
57701;	178.17
57711;	178.054
57721;	177.973
57731;	177.997
57741;	178.276
57751;	178.371
57761;	178.037
57771;	177.857
57781;	177.723
57791;	177.975
57801;	178.092
57811;	178.198
57821;	177.757
57831;	177.783
57841;	178.246
57851;	178.09
57861;	177.829
57871;	177.99
57881;	178.097
57891;	178.266
57901;	178.049
57911;	178.085
57921;	178.149
57931;	177.814
57941;	177.937
57951;	178.279
57961;	178.196
57971;	177.752
57981;	177.92
57991;	178.143
58001;	178.023
58011;	177.778
58021;	177.95
58031;	177.832
58041;	177.937
58051;	178.074
58061;	178.102
58071;	177.969
58081;	178.009
58091;	178.295
58101;	177.91
58111;	178.275
58121;	178.056
58131;	177.667
58141;	177.85
58151;	178.005
58161;	177.812
58171;	177.942
58181;	178.159
58191;	178.189
58201;	177.721
58211;	177.862
58221;	177.852
58231;	177.797
58241;	178.335
58251;	178.181
58261;	177.944
58271;	177.973
58281;	178.315
58291;	178.109
58301;	177.982
58311;	177.886
58321;	178.016
58331;	178.062
58341;	178.265
58351;	178.004
58361;	177.931
58371;	177.98
58381;	177.993
58391;	177.82
58401;	177.978
58411;	177.812
58421;	178.189
58431;	177.765
58441;	177.852
58451;	178.336
58461;	178.103
58471;	177.519
58481;	177.009
58491;	177.877
58501;	178.129
58511;	177.827
58521;	177.564
58531;	177.665
58541;	178.029
58551;	178.324
58561;	177.886
58571;	177.859
58581;	177.831
58591;	177.981
58601;	177.953
58611;	177.971
58621;	177.841
58631;	177.824
58641;	178.015
58651;	177.796
58661;	177.906
58671;	177.755
58681;	178.262
58691;	178.264
58701;	177.908
58711;	177.875
58721;	178.024
58731;	178.061
58741;	178.39
58751;	178.349
58761;	177.804
58771;	177.481
58781;	177.701
58791;	178.07
58801;	178.281
58811;	177.963
58821;	177.902
58831;	177.599
58841;	178.081
58851;	177.732
58861;	177.529
58871;	177.911
58881;	177.977
58891;	178.209
58901;	177.89
58911;	178.086
58921;	177.709
58931;	177.836
58941;	178.122
58951;	177.996
58961;	177.796
58971;	177.65
58981;	178.116
58991;	177.973
59001;	178.191
59011;	177.995
59021;	177.644
59031;	177.973
59041;	177.838
59051;	178.409
59061;	178.068
59071;	177.857
59081;	177.73
59091;	178.234
59101;	177.854
59111;	177.743
59121;	177.924
59131;	178.144
59141;	178.452
59151;	177.936
59161;	178.02
59171;	177.982
59181;	178.112
59191;	177.734
59201;	177.715
59211;	177.803
59221;	178.099
59231;	177.927
59241;	177.958
59251;	177.874
59261;	177.917
59271;	177.943
59281;	177.769
59291;	178.239
59301;	178.137
59311;	178.339
59321;	178.147
59331;	177.754
59341;	178.126
59351;	177.964
59361;	177.648
59371;	177.855
59381;	177.767
59391;	177.847
59401;	177.689
59411;	177.865
59421;	177.682
59431;	178.04
59441;	178.41
59451;	178.066
59461;	178.138
59471;	178.266
59481;	179.173
59491;	177.854
59501;	178.215
59511;	178.169
59521;	178.575
59531;	178.243
59541;	177.741
59551;	177.478
59561;	177.16
59571;	177.149
59581;	176.997
59591;	177.046
59601;	177.101
59611;	177.148
59621;	177.138
59631;	177.303
59641;	177.323
59651;	177.353
59661;	177.246
59671;	176.532
59681;	176.184
59691;	176.454
59701;	176.479
59711;	176.074
59721;	175.437
59731;	175.451
59741;	175.018
59751;	175.011
59761;	174.967
59771;	174.761
59781;	174.612
59791;	174.184
59801;	173.61
59811;	173.54
59821;	173.417
59831;	174.401
59841;	175.693
59851;	175.403
59861;	174.488
59871;	173.906
59881;	173.363
59891;	172.798
59901;	172.012
59911;	171.253
59921;	170.899
59931;	170.751
59941;	170.463
59951;	169.962
59961;	169.773
59971;	169.542
59981;	169.239
59991;	168.282
60001;	168.054
60011;	167.318
60021;	167.312
60031;	167.223
60041;	167.29
60051;	167.676
60061;	167.418
60071;	167.835
60081;	168.094
60091;	167.579
60101;	166.339
60111;	166.157
60121;	165.333
60131;	164.999
60141;	164.534
60151;	164.18
60161;	164.339
60171;	164.584
60181;	164.705
60191;	164.88
60201;	164.925
60211;	165.084
60221;	165.336
60231;	164.621
60241;	164.105
60251;	164.017
60261;	164.588
60271;	164.548
60281;	164.855
60291;	164.636
60301;	164.745
60311;	165.139
60321;	165.325
60331;	165.313
60341;	164.908
60351;	164.867
60361;	165.356
60371;	165.152
60381;	164.917
60391;	164.852
60401;	165.303
60411;	165.4
60421;	164.357
60431;	164.862
60441;	164.793
60451;	165.12
60461;	165.357
60471;	165.133
60481;	165.185
60491;	164.927
60501;	165.191
60511;	165.116
60521;	164.935
60531;	165.094
60541;	165.097
60551;	164.816
60561;	165.134
60571;	164.788
60581;	165.244
60591;	165.785
60601;	165.06
60611;	165.06
60621;	165.113
60631;	164.986
60641;	165.428
60651;	164.903
60661;	165.014
60671;	164.874
60681;	165.186
60691;	165.225
60701;	165.638
60711;	165.854
60721;	165.421
60731;	165.428
60741;	165.027
60751;	164.716
60761;	164.612
60771;	164.907
60781;	164.586
60791;	165.11
60801;	164.494
60811;	164.537
60821;	164.356
60831;	164.055
60841;	163.974
60851;	163.703
60861;	163.561
60871;	163.043
60881;	162.598
60891;	162.218
60901;	161.931
60911;	162.271
60921;	161.952
60931;	161.199
60941;	160.688
60951;	160.118
60961;	159.827
60971;	159.458
60981;	159.097
60991;	158.768
61001;	158.314
61011;	158.197
61021;	158.296
61031;	157.75
61041;	157.879
61051;	157.52
61061;	157.193
61071;	156.445
61081;	156.558
61091;	155.758
61101;	155.267
61111;	154.902
61121;	154.522
61131;	154.263
61141;	154.183
61151;	154.197
61161;	153.91
61171;	153.739
61181;	153.331
61191;	153.248
61201;	152.863
61211;	152.631
61221;	152.79
61231;	152.445
61241;	152.285
61251;	152.452
61261;	152.725
61271;	152.587
61281;	152.617
61291;	152.73
61301;	152.498
61311;	152.655
61321;	152.628
61331;	152.453
61341;	152.37
61351;	152.345
61361;	152.436
61371;	152.706
61381;	152.782
61391;	152.785
61401;	153.082
61411;	152.694
61421;	152.521
61431;	152.424
61441;	152.492
61451;	152.455
61461;	152.608
61471;	152.727
61481;	152.727
61491;	152.83
61501;	152.836
61511;	152.985
61521;	152.597
61531;	152.599
61541;	152.569
61551;	152.63
61561;	152.575
61571;	152.341
61581;	152.389
61591;	152.487
61601;	152.668
61611;	152.439
61621;	152.47
61631;	152.491
61641;	152.443
61651;	152.834
61661;	152.55
61671;	153.005
61681;	152.799
61691;	152.641
61701;	152.754
61711;	152.575
61721;	152.414
61731;	152.815
61741;	152.757
61751;	152.809
61761;	152.732
61771;	152.646
61781;	152.601
61791;	152.676
61801;	152.517
61811;	152.752
61821;	152.801
61831;	152.6
61841;	152.667
61851;	152.653
61861;	152.578
61871;	152.648
61881;	152.394
61891;	152.625
61901;	152.755
61911;	152.629
61921;	152.858
61931;	152.525
61941;	152.595
61951;	152.835
61961;	152.622
61971;	152.701
61981;	152.519
61991;	152.769
62001;	152.88
62011;	152.595
62021;	152.603
62031;	152.788
62041;	152.6
62051;	152.651
62061;	152.524
62071;	152.544
62081;	152.67
62091;	152.596
62101;	152.412
62111;	152.833
62121;	152.582
62131;	152.886
62141;	152.351
62151;	152.653
62161;	152.616
62171;	152.483
62181;	152.757
62191;	152.729
62201;	152.755
62211;	152.547
62221;	152.501
62231;	152.675
62241;	152.491
62251;	152.938
62261;	152.678
62271;	152.882
62281;	152.777
62291;	152.564
62301;	152.893
62311;	152.549
62321;	152.372
62331;	152.565
62341;	152.871
62351;	153.161
62361;	152.663
62371;	152.808
62381;	152.52
62391;	152.633
62401;	152.625
62411;	152.466
62421;	152.75
62431;	152.703
62441;	152.391
62451;	152.625
62461;	152.675
62471;	152.604
62481;	152.782
62491;	152.653
62501;	152.752
62511;	152.805
62521;	152.56
62531;	152.798
62541;	152.698
62551;	152.749
62561;	152.674
62571;	152.752
62581;	152.681
62591;	152.627
62601;	152.521
62611;	152.904
62621;	152.517
62631;	152.66
62641;	152.931
62651;	152.709
62661;	152.573
62671;	152.653
62681;	152.775
62691;	152.804
62701;	152.572
62711;	152.879
62721;	152.677
62731;	152.478
62741;	152.771
62751;	152.671
62761;	152.622
62771;	152.782
62781;	152.593
62791;	152.743
62801;	152.751
62811;	152.775
62821;	152.703
62831;	152.681
62841;	152.684
62851;	152.68
62861;	152.679
62871;	152.735
62881;	152.903
62891;	152.826
62901;	152.823
62911;	152.78
62921;	152.758
62931;	152.933
62941;	152.52
62951;	152.833
62961;	152.643
62971;	152.778
62981;	152.519
62991;	152.65
63001;	152.825
63011;	152.694
63021;	152.731
63031;	152.678
63041;	152.884
63051;	152.801
63061;	152.513
63071;	152.775
63081;	152.625
63091;	152.646
63101;	152.702
63111;	152.518
63121;	152.88
63131;	152.678
63141;	152.625
63151;	152.526
63161;	152.76
63171;	152.681
63181;	152.669
63191;	152.782
63201;	152.466
63211;	152.679
63221;	152.514
63231;	152.521
63241;	152.565
63251;	152.453
63261;	152.565
63271;	152.725
63281;	152.701
63291;	152.65
63301;	152.676
63311;	152.674
63321;	152.676
63331;	152.512
63341;	152.689
63351;	152.493
63361;	152.681
63371;	152.701
63381;	152.522
63391;	152.675
63401;	152.757
63411;	152.602
63421;	152.752
63431;	152.718
63441;	152.823
63451;	152.623
63461;	152.701
63471;	152.83
63481;	152.882
63491;	152.616
63501;	152.808
63511;	152.886
63521;	152.549
63531;	152.704
63541;	152.567
63551;	152.593
63561;	152.858
63571;	152.492
63581;	152.904
63591;	152.673
63601;	152.719
63611;	152.805
63621;	152.806
63631;	152.814
63641;	152.78
63651;	152.961
63661;	152.569
63671;	152.512
63681;	152.836
63691;	153.008
63701;	153.082
63711;	153.282
63721;	153.251
63731;	152.783
63741;	152.573
63751;	152.655
63761;	152.708
63771;	152.782
63781;	153.374
63791;	153.054
63801;	152.904
63811;	152.967
63821;	152.711
63831;	152.788
63841;	153.036
63851;	152.976
63861;	153.134
63871;	152.684
63881;	152.281
63891;	152.886
63901;	152.86
63911;	153.077
63921;	153.09
63931;	153.277
63941;	153.171
63951;	153.548
63961;	153.693
63971;	153.475
63981;	153.469
63991;	153.971
64001;	154.436
64011;	154.635
64021;	154.47
64031;	154.975
64041;	155.413
64051;	155.795
64061;	156.237
64071;	156.876
64081;	156.87
64091;	158.161
64101;	158.13
64111;	158.45
64121;	158.626
64131;	159.375
64141;	160.074
64151;	160.476
64161;	160.802
64171;	161.368
64181;	161.196
64191;	161.983
64201;	163.046
64211;	163.077
64221;	163.591
64231;	164.281
64241;	165.164
64251;	165.538
64261;	166.132
64271;	166.822
64281;	167.244
64291;	167.784
64301;	168.532
64311;	168.642
64321;	168.803
64331;	169.314
64341;	169.819
64351;	170.661
64361;	171.129
64371;	172.136
64381;	172.812
64391;	174.12
64401;	174.592
64411;	175.227
64421;	175.355
64431;	175.704
64441;	176.532
64451;	177.768
64461;	178.553
64471;	178.424
64481;	178.507
64491;	178.723
64501;	179.124
64511;	179.044
64521;	178.412
64531;	177.514
64541;	177.415
64551;	176.545
64561;	175.447
64571;	174.456
64581;	174.084
64591;	173.953
64601;	173.74
64611;	172.497
64621;	171.762
64631;	170.766
64641;	169.547
64651;	169.35
64661;	169.059
64671;	168.375
64681;	167.992
64691;	167.333
64701;	166.535
64711;	165.897
64721;	165.851
64731;	165.44
64741;	165.28
64751;	164.824
64761;	165.062
64771;	164.503
64781;	164.112
64791;	163.436
64801;	162.663
64811;	162.489
64821;	161.973
64831;	161.977
64841;	161.429
64851;	161.186
64861;	160.233
64871;	160.211
64881;	159.309
64891;	159.548
64901;	159.332
64911;	159.467
64921;	159.203
64931;	158.688
64941;	158.279
64951;	157.86
64961;	157.694
64971;	157.654
64981;	157.673
64991;	157.599
65001;	157.172
65011;	156.961
65021;	156.549
65031;	156.709
65041;	157.407
65051;	157.758
65061;	157.805
65071;	157.616
65081;	158.91
65091;	157.409
65101;	156.37
65111;	157.008
65121;	159.179
65131;	157.764
65141;	157.78
65151;	157.92
65161;	158.149
65171;	157.964
65181;	158.441
65191;	157.384
65201;	157.576
65211;	157.878
65221;	158.123
65231;	158.502
65241;	158.182
65251;	158.499
65261;	157.659
65271;	157.319
65281;	157.259
65291;	157.743
65301;	157.915
65311;	157.89
65321;	157.764
65331;	157.908
65341;	157.912
65351;	157.789
65361;	157.828
65371;	157.573
65381;	157.472
65391;	157.799
65401;	157.832
65411;	157.511
65421;	157.988
65431;	158.102
65441;	158.095
65451;	157.76
65461;	157.673
65471;	157.683
65481;	157.792
65491;	157.658
65501;	157.802
65511;	157.669
65521;	157.567
65531;	157.637
65541;	158.092
65551;	157.87
65561;	157.887
65571;	157.891
65581;	157.98
65591;	158.026
65601;	157.818
65611;	157.903
65621;	157.676
65631;	157.534
65641;	157.543
65651;	157.526
65661;	157.775
65671;	157.82
65681;	157.922
65691;	157.956
65701;	157.924
65711;	157.798
65721;	157.418
65731;	157.591
65741;	157.824
65751;	157.815
65761;	157.789
65771;	157.694
65781;	157.601
65791;	157.959
65801;	157.996
65811;	158.075
65821;	157.956
65831;	157.415
65841;	157.821
65851;	157.731
65861;	158.2
65871;	158
65881;	157.698
65891;	157.901
65901;	157.871
65911;	157.786
65921;	157.802
65931;	157.881
65941;	157.934
65951;	158.194
65961;	157.742
65971;	157.745
65981;	157.766
65991;	157.89
66001;	158.011
66011;	158.081
66021;	157.938
66031;	157.9
66041;	157.775
66051;	157.823
66061;	157.837
66071;	157.805
66081;	157.682
66091;	157.608
66101;	157.835
66111;	157.711
66121;	157.646
66131;	157.831
66141;	158.248
66151;	158.14
66161;	158.361
66171;	158.07
66181;	157.727
66191;	157.639
66201;	157.595
66211;	157.592
66221;	157.763
66231;	157.957
66241;	158.2
66251;	157.993
66261;	158.329
66271;	158.306
66281;	158.329
66291;	158.102
66301;	158.188
66311;	157.537
66321;	157.615
66331;	157.495
66341;	157.518
66351;	157.925
66361;	157.742
66371;	157.985
66381;	157.692
66391;	157.933
66401;	157.75
66411;	157.753
66421;	157.923
66431;	158.091
66441;	157.804
66451;	157.602
66461;	157.394
66471;	157.321
66481;	157.613
66491;	157.723
66501;	157.488
66511;	157.304
66521;	156.82
66531;	157.178
66541;	157.641
66551;	158.463
66561;	158.695
66571;	159.186
66581;	158.688
66591;	158.727
66601;	158.662
66611;	159.088
66621;	159.16
66631;	159.718
66641;	159.524
66651;	159.257
66661;	158.909
66671;	159.273
66681;	159.996
66691;	160.218
66701;	160.502
66711;	160.496
66721;	161.234
66731;	161.91
66741;	162.867
66751;	163.098
66761;	164.073
66771;	163.986
66781;	164.001
66791;	163.676
66801;	163.811
66811;	164.006
66821;	165.193
66831;	165.411
66841;	166.067
66851;	167.015
66861;	167.178
66871;	167.725
66881;	168.184
66891;	168.583
66901;	168.725
66911;	168.77
66921;	168.712
66931;	169.109
66941;	169.279
66951;	169.792
66961;	170.399
66971;	170.672
66981;	171.434
66991;	171.811
67001;	172.054
67011;	172.787
67021;	173.141
67031;	173.187
67041;	173.529
67051;	173.147
67061;	172.914
67071;	173.056
67081;	173.586
67091;	174.006
67101;	174.329
67111;	175.396
67121;	175.437
67131;	175.803
67141;	175.988
67151;	174.841
67161;	174.603
67171;	174.84
67181;	175.178
67191;	175.649
67201;	175.856
67211;	176.132
67221;	175.782
67231;	175.35
67241;	174.622
67251;	174.302
67261;	174.213
67271;	174.233
67281;	173.97
67291;	174.674
67301;	175.651
67311;	175.939
67321;	176.233
67331;	176.356
67341;	176.467
67351;	176.503
67361;	176.839
67371;	176.651
67381;	176.99
67391;	177.436
67401;	177.368
67411;	177.455
67421;	177.751
67431;	178.279
67441;	178.69
67451;	179.15
67461;	179.742
67471;	178.841
67481;	179.012
67491;	178.809
67501;	178.403
67511;	178.132
67521;	177.924
67531;	177.685
67541;	177.832
67551;	177.627
67561;	177.811
67571;	177.483
67581;	177.197
67591;	176.396
67601;	175.191
67611;	174.609
67621;	174.332
67631;	174.113
67641;	173.812
67651;	173.497
67661;	173.052
67671;	173.263
67681;	173.041
67691;	173.081
67701;	172.782
67711;	172.451
67721;	171.826
67731;	171.752
67741;	172.017
67751;	172.291
67761;	172.482
67771;	172.803
67781;	173.167
67791;	173.345
67801;	173.328
67811;	173.089
67821;	173.011
67831;	173.29
67841;	173.641
67851;	173.413
67861;	173.296
67871;	173.44
67881;	173.501
67891;	173.435
67901;	173.498
67911;	173.24
67921;	173.367
67931;	173.487
67941;	173.861
67951;	173.418
67961;	173.497
67971;	173.449
67981;	173.252
67991;	173.296
68001;	173.074
68011;	173.474
68021;	173.721
68031;	173.678
68041;	173.546
68051;	174.009
68061;	173.965
68071;	173.679
68081;	173.599
68091;	173.113
68101;	173.279
68111;	172.974
68121;	173.3
68131;	173.548
68141;	173.726
68151;	173.441
68161;	173.391
68171;	173.615
68181;	173.672
68191;	173.767
68201;	173.631
68211;	173.567
68221;	173.573
68231;	173.311
68241;	173.358
68251;	173.615
68261;	173.538
68271;	173.284
68281;	173.45
68291;	173.613
68301;	173.597
68311;	173.724
68321;	173.602
68331;	173.797
68341;	173.65
68351;	173.406
68361;	173.552
68371;	173.425
68381;	173.381
68391;	173.385
68401;	173.459
68411;	173.723
68421;	173.484
68431;	173.149
68441;	173.156
68451;	173.516
68461;	173.584
68471;	173.509
68481;	173.364
68491;	173.585
68501;	173.611
68511;	173.507
68521;	173.529
68531;	173.578
68541;	173.596
68551;	173.547
68561;	173.491
68571;	173.425
68581;	173.515
68591;	173.459
68601;	173.73
68611;	173.865
68621;	173.232
68631;	173.317
68641;	173.562
68651;	173.439
68661;	173.282
68671;	173.621
68681;	173.525
68691;	173.467
68701;	173.637
68711;	173.563
68721;	173.631
68731;	173.605
68741;	173.218
68751;	173.252
68761;	173.505
68771;	173.643
68781;	173.784
68791;	173.453
68801;	173.394
68811;	173.598
68821;	173.826
68831;	173.364
68841;	173.324
68851;	173.362
68861;	173.457
68871;	173.904
68881;	173.637
68891;	173.964
68901;	173.505
68911;	173.176
68921;	173.335
68931;	173.374
68941;	173.527
68951;	173.341
68961;	173.38
68971;	173.384
68981;	173.452
68991;	173.777
69001;	173.629
69011;	173.772
69021;	173.619
69031;	173.439
69041;	173.194
69051;	173.364
69061;	173.859
69071;	174.178
69081;	174.081
69091;	173.666
69101;	173.521
69111;	173.119
69121;	173.466
69131;	173.308
69141;	173.534
69151;	173.496
69161;	173.461
69171;	173.369
69181;	173.576
69191;	173.537
69201;	173.429
69211;	173.311
69221;	173.244
69231;	173.428
69241;	173.556
69251;	173.12
69261;	173.538
69271;	173.281
69281;	173.704
69291;	173.748
69301;	173.89
69311;	173.704
69321;	173.46
69331;	173.746
69341;	173.29
69351;	173.359
69361;	173.369
69371;	173.689
69381;	173.547
69391;	173.966
69401;	173.887
69411;	173.844
69421;	173.771
69431;	173.266
69441;	173.218
69451;	173.404
69461;	173.563
69471;	173.705
69481;	173.958
69491;	173.847
69501;	173.709
69511;	173.653
69521;	173.8
69531;	173.539
69541;	173.588
69551;	173.321
69561;	173.668
69571;	173.649
69581;	173.631
69591;	173.408
69601;	173.545
69611;	173.514
69621;	173.399
69631;	173.135
69641;	173.099
69651;	173.553
69661;	174.175
69671;	174.352
69681;	174.167
69691;	173.483
69701;	173.214
69711;	173.804
69721;	173.748
69731;	173.832
69741;	173.742
69751;	173.628
69761;	173.523
69771;	173.534
69781;	173.663
69791;	173.605
69801;	173.464
69811;	173.067
69821;	172.786
69831;	173.205
69841;	173.487
69851;	173.837
69861;	174.113
69871;	173.813
69881;	173.925
69891;	173.909
69901;	173.67
69911;	173.426
69921;	173.25
69931;	173.392
69941;	173.422
69951;	173.569
69961;	173.811
69971;	173.753
69981;	173.985
69991;	173.566
70001;	173.525
70011;	173.321
70021;	173.263
70031;	173.46
70041;	173.56
70051;	173.463
70061;	173.412
70071;	173.156
70081;	173.215
70091;	173.567
70101;	173.862
70111;	174.154
70121;	173.951
70131;	173.755
70141;	173.332
70151;	173.394
70161;	173.483
70171;	173.602
70181;	173.683
70191;	173.709
70201;	173.6
70211;	173.521
70221;	173.448
70231;	173.692
70241;	173.715
70251;	173.564
70261;	173.653
70271;	173.473
70281;	173.76
70291;	173.638
70301;	173.736
70311;	173.461
70321;	173.597
70331;	173.755
70341;	173.938
70351;	173.461
70361;	173.453
70371;	173.713
70381;	173.694
70391;	173.552
70401;	173.57
70411;	173.64
70421;	173.595
70431;	173.384
70441;	173.514
70451;	173.408
70461;	173.515
70471;	173.805
70481;	173.857
70491;	173.637
70501;	173.531
70511;	173.753
70521;	173.294
70531;	173.45
70541;	173.569
70551;	173.728
70561;	173.498
70571;	173.911
70581;	173.472
70591;	173.541
70601;	173.883
70611;	173.913
70621;	173.704
70631;	173.194
70641;	172.712
70651;	173.844
70661;	173.969
70671;	173.915
70681;	174.394
70691;	173.816
70701;	173.936
70711;	174.149
70721;	174.104
70731;	173.605
70741;	173.551
70751;	173.843
70761;	173.721
70771;	173.445
70781;	173.417
70791;	173.609
70801;	173.186
70811;	173.415
70821;	173.452
70831;	173.567
70841;	173.298
70851;	173.265
70861;	173.591
70871;	174.009
70881;	174.155
70891;	173.862
70901;	174.129
70911;	174.458
70921;	173.919
70931;	173.716
70941;	173.604
70951;	173.544
70961;	173.775
70971;	174.266
70981;	174.535
70991;	174.899
71001;	174.589
71011;	174.903
71021;	174.801
71031;	174.595
71041;	174.488
71051;	174.477
71061;	174.535
71071;	174.38
71081;	174.924
71091;	175.114
71101;	174.98
71111;	175.111
71121;	174.848
71131;	174.352
71141;	174.178
71151;	174.483
71161;	174.879
71171;	174.823
71181;	175.074
71191;	174.466
71201;	174.434
71211;	174.685
71221;	174.355
71231;	174.649
71241;	174.358
71251;	174.254
71261;	174.954
71271;	175.799
71281;	175.488
71291;	175.112
71301;	174.455
71311;	174.7
71321;	175.112
71331;	174.791
71341;	175.01
71351;	174.459
71361;	174.408
71371;	174.106
71381;	173.822
71391;	174.209
71401;	174.512
71411;	175.093
71421;	174.677
71431;	175.095
71441;	175.267
71451;	175.319
71461;	175.061
71471;	175.121
71481;	174.672
71491;	174.628
71501;	175.161
71511;	174.506
71521;	174.795
71531;	175.134
71541;	174.952
71551;	174.991
71561;	174.913
71571;	174.676
71581;	174.454
71591;	174.284
71601;	174.279
71611;	174.266
71621;	174.351
71631;	174.63
71641;	175.102
71651;	175.562
71661;	175.277
71671;	174.706
71681;	175.241
71691;	175.004
71701;	172.976
71711;	173.81
71721;	174.387
71731;	174.556
71741;	172.781
71751;	175.072
71761;	173.528
71771;	173.895
71781;	172.809
71791;	172.251
71801;	173.352
71811;	174.498
71821;	175.356
71831;	178.106
71841;	174.084
71851;	174.73
71861;	171.73
71871;	171.985
71881;	173.89
71891;	172.273
71901;	171.491
71911;	171.622
71921;	170.806
71931;	171.673
71941;	173.34
71951;	170.047
71961;	175.847
71971;	168.486
71981;	169.446
71991;	174.159
72001;	168.779
72011;	169.568
72021;	171.971
72031;	162.476
72041;	175.059
72051;	170.192
72061;	169.595
72071;	170.427
72081;	170.638
72091;	170.318
72101;	170.565
72111;	170.785
72121;	170.437
72131;	170.883
72141;	170.409
72151;	170.356
72161;	170.43
72171;	170.152
72181;	171.091
72191;	170.34
72201;	170.344
72211;	170.002
72221;	169.897
72231;	170.178
72241;	170.342
72251;	169.571
72261;	169.66
72271;	169.48
72281;	169.605
72291;	169.348
72301;	169.703
72311;	169.604
72321;	169.849
72331;	170.257
72341;	170.234
72351;	170.235
72361;	169.795
72371;	169.82
72381;	169.597
72391;	169.891
72401;	169.771
72411;	169.654
72421;	169.48
72431;	169.687
72441;	169.699
72451;	169.608
72461;	169.708
72471;	169.71
72481;	169.689
72491;	169.992
72501;	169.648
72511;	169.332
72521;	169.162
72531;	168.933
72541;	169.544
72551;	169.452
72561;	169.826
72571;	169.725
72581;	169.641
72591;	169.243
72601;	169.197
72611;	169.319
72621;	169.099
72631;	168.885
72641;	168.628
72651;	168.698
72661;	169.223
72671;	169.293
72681;	169.171
72691;	168.995
72701;	169.145
72711;	169.097
72721;	168.594
72731;	168.419
72741;	168.337
72751;	168.683
72761;	168.931
72771;	168.752
72781;	168.92
72791;	168.987
72801;	169.196
72811;	168.792
72821;	168.791
72831;	168.758
72841;	168.931
72851;	168.779
72861;	168.813
72871;	168.946
72881;	169.044
72891;	168.923
72901;	168.861
72911;	168.773
72921;	168.867
72931;	168.969
72941;	169.064
72951;	169.294
72961;	169.267
72971;	169.448
72981;	169.422
72991;	168.965
73001;	168.813
73011;	169.071
73021;	169.164
73031;	169.141
73041;	169.206
73051;	169.161
73061;	168.903
73071;	169.052
73081;	169.002
73091;	169.195
73101;	169.037
73111;	168.985
73121;	169.088
73131;	169.184
73141;	169.554
73151;	168.962
73161;	169.254
73171;	169.332
73181;	169.099
73191;	169.575
73201;	169.036
73211;	169.192
73221;	169.303
73231;	169.484
73241;	169.205
73251;	168.781
73261;	168.848
73271;	168.995
73281;	168.972
73291;	169.11
73301;	169.153
73311;	169.328
73321;	169.386
73331;	169.384
73341;	169.161
73351;	169.083
73361;	169.221
73371;	168.753
73381;	169.054
73391;	169.272
73401;	169.178
73411;	169.192
73421;	169.188
73431;	169.166
73441;	169.075
73451;	169.279
73461;	169.077
73471;	168.992
73481;	169.16
73491;	169.142
73501;	169.184
73511;	169.128
73521;	169.09
73531;	169.237
73541;	168.839
73551;	169.067
73561;	168.992
73571;	168.924
73581;	169.352
73591;	168.975
73601;	169.246
73611;	169.128
73621;	169.364
73631;	169.253
73641;	169.018
73651;	169.174
73661;	169.03
73671;	169.458
73681;	169.061
73691;	169.126
73701;	169.08
73711;	168.906
73721;	169.49
73731;	169.041
73741;	169.336
73751;	169.212
73761;	169.161
73771;	169.444
73781;	168.954
73791;	169.263
73801;	169.211
73811;	169.215
73821;	169.491
73831;	169.166
73841;	169.199
73851;	169.105
73861;	169.259
73871;	169.415
73881;	169.433
73891;	169.574
73901;	169.197
73911;	168.991
73921;	169.083
73931;	169.229
73941;	169.386
73951;	169.002
73961;	169.095
73971;	168.882
73981;	169.031
73991;	168.935
74001;	168.8
74011;	169.049
74021;	168.914
74031;	169.11
74041;	169.089
74051;	168.672
74061;	168.696
74071;	168.763
74081;	169.03
74091;	168.447
74101;	168.464
74111;	168.374
74121;	168.24
74131;	168.242
74141;	167.589
74151;	167.78
74161;	167.813
74171;	167.644
74181;	167.719
74191;	167.24
74201;	167.165
74211;	166.369
74221;	167.196
74231;	166.908
74241;	166.755
74251;	166.209
74261;	165.898
74271;	165.701
74281;	165.637
74291;	165.326
74301;	165.348
74311;	164.928
74321;	164.587
74331;	164.499
74341;	164.471
74351;	164.19
74361;	164.209
74371;	163.948
74381;	163.614
74391;	163.366
74401;	163.113
74411;	162.538
74421;	162.302
74431;	162.335
74441;	162.156
74451;	161.56
74461;	161.081
74471;	161.231
74481;	160.374
74491;	160.004
74501;	159.36
74511;	159.808
74521;	159.906
74531;	159.267
74541;	159.508
74551;	158.104
74561;	157.952
74571;	158.02
74581;	157.987
74591;	157.617
74601;	157.845
74611;	157.25
74621;	157.127
74631;	156.385
74641;	155.642
74651;	155.454
74661;	155.139
74671;	154.82
74681;	155.546
74691;	154.702
74701;	154.549
74711;	154.056
74721;	153.768
74731;	153.046
74741;	153.041
74751;	152.908
74761;	152.536
74771;	152.99
74781;	152.23
74791;	152.133
74801;	151.921
74811;	152.239
74821;	151.219
74831;	150.528
74841;	149.641
74851;	148.988
74861;	149.006
74871;	148.839
74881;	148.916
74891;	148.534
74901;	148.169
74911;	147.642
74921;	147.231
74931;	147.612
74941;	147.564
74951;	147.742
74961;	147.894
74971;	147.577
74981;	147.613
74991;	147.432
75001;	146.849
75011;	147.486
75021;	147.527
75031;	147.621
75041;	147.53
75051;	147.665
75061;	147.588
75071;	147.265
75081;	147.242
75091;	146.824
75101;	146.62
75111;	146.596
75121;	146.358
75131;	146.035
75141;	146.231
75151;	145.959
75161;	145.973
75171;	145.943
75181;	145.585
75191;	145.331
75201;	144.982
75211;	144.854
75221;	145.184
75231;	145.105
75241;	145.396
75251;	145.093
75261;	144.916
75271;	145.305
75281;	145.034
75291;	145.026
75301;	144.795
75311;	145.051
75321;	145.123
75331;	145.209
75341;	145.002
75351;	145.197
75361;	145.225
75371;	145.191
75381;	145.408
75391;	145.346
75401;	145.006
75411;	145.317
75421;	145.334
75431;	145.273
75441;	144.993
75451;	145.322
75461;	145.155
75471;	145.612
75481;	145.52
75491;	145.143
75501;	145.164
75511;	145.31
75521;	145.162
75531;	145.215
75541;	145.107
75551;	145.233
75561;	145.153
75571;	145.295
75581;	145.205
75591;	145.256
75601;	145.591
75611;	145.352
75621;	145.329
75631;	145.782
75641;	145.153
75651;	145.416
75661;	145.347
75671;	145.578
75681;	145.43
75691;	145.034
75701;	144.918
75711;	145.423
75721;	145.213
75731;	144.999
75741;	144.947
75751;	145.475
75761;	145.313
75771;	145.532
75781;	145.332
75791;	145.462
75801;	145.344
75811;	145.493
75821;	145.444
75831;	145.209
75841;	145.183
75851;	145.244
75861;	145.424
75871;	145.619
75881;	145.335
75891;	145.369
75901;	145.323
75911;	145.161
75921;	145.374
75931;	145.205
75941;	145.415
75951;	145.343
75961;	145.428
75971;	145.798
75981;	145.295
75991;	145.337
76001;	145.388
76011;	145.42
76021;	145.557
76031;	145.457
76041;	145.361
76051;	145.538
76061;	145.054
76071;	145.194
76081;	145.414
76091;	145.461
76101;	145.612
76111;	145.583
76121;	145.233
76131;	145.495
76141;	145.478
76151;	145.493
76161;	145.366
76171;	145.298
76181;	145.286
76191;	145.103
76201;	145.241
76211;	145.198
76221;	145.474
76231;	145.466
76241;	145.614
76251;	145.379
76261;	145.837
76271;	145.762
76281;	145.833
76291;	145.967
76301;	146.306
76311;	147.088
76321;	147.388
76331;	147.401
76341;	147.61
76351;	147.983
76361;	148.302
76371;	148.636
76381;	149.193
76391;	149.791
76401;	150.222
76411;	150.258
76421;	151.541
76431;	152.031
76441;	152.644
76451;	152.396
76461;	152.828
76471;	153.068
76481;	153.672
76491;	154.561
76501;	154.898
76511;	155.451
76521;	155.598
76531;	156.326
76541;	156.577
76551;	157.999
76561;	158.469
76571;	159.229
76581;	159.309
76591;	159.739
76601;	160.232
76611;	160.76
76621;	161.316
76631;	162.001
76641;	162.762
76651;	163.141
76661;	164.467
76671;	164.11
76681;	165.116
76691;	165.363
76701;	166.186
76711;	166.21
76721;	166.947
76731;	166.993
76741;	167.486
76751;	168.381
76761;	167.482
76771;	168.022
76781;	169.229
76791;	169.447
76801;	170.124
76811;	170.273
76821;	170.11
76831;	170.24
76841;	170.444
76851;	171.018
76861;	170.939
76871;	170.847
76881;	170.308
76891;	170.231
76901;	170.658
76911;	170.501
76921;	170.209
76931;	169.664
76941;	169.552
76951;	169.934
76961;	169.679
76971;	169.353
76981;	169.634
76991;	169.842
77001;	169.132
77011;	168.618
77021;	167.806
77031;	167.679
77041;	168.305
77051;	168.328
77061;	167.866
77071;	167.408
77081;	167.068
77091;	166.597
77101;	166.39
77111;	166.306
77121;	165.985
77131;	166.338
77141;	166.339
77151;	166.172
77161;	165.817
77171;	165.551
77181;	165.759
77191;	165.661
77201;	165.952
77211;	166.071
77221;	165.735
77231;	166.003
77241;	165.853
77251;	165.631
77261;	165.398
77271;	165.147
77281;	165.863
77291;	165.592
77301;	165.938
77311;	166.113
77321;	165.936
77331;	166.008
77341;	165.788
77351;	165.718
77361;	165.838
77371;	166.059
77381;	165.732
77391;	165.845
77401;	165.888
77411;	165.754
77421;	165.943
77431;	166.011
77441;	165.956
77451;	165.66
77461;	165.798
77471;	165.776
77481;	165.821
77491;	165.898
77501;	166.066
77511;	166.235
77521;	165.991
77531;	165.8
77541;	165.939
77551;	165.942
77561;	165.783
77571;	165.944
77581;	165.963
77591;	166.103
77601;	166.051
77611;	165.889
77621;	165.879
77631;	165.789
77641;	165.9
77651;	165.769
77661;	165.829
77671;	165.805
77681;	165.892
77691;	166.173
77701;	166.371
77711;	166.054
77721;	166.135
77731;	166.008
77741;	165.991
77751;	165.788
77761;	166.044
77771;	165.995
77781;	166.056
77791;	166.016
77801;	166.355
77811;	166.006
77821;	165.576
77831;	165.443
77841;	165.701
77851;	165.749
77861;	166.006
77871;	166.143
77881;	166.438
77891;	166.119
77901;	166.009
77911;	166.332
77921;	166.356
77931;	166.537
77941;	166.397
77951;	165.847
77961;	165.892
77971;	165.61
77981;	165.846
77991;	165.932
78001;	166.081
78011;	165.857
78021;	165.889
78031;	166.082
78041;	166.477
78051;	166.297
78061;	166.104
78071;	166.27
78081;	166.022
78091;	165.955
78101;	165.788
78111;	165.457
78121;	166.008
78131;	166.167
78141;	166.022
78151;	166.126
109501;	176.387
109511;	176.319
